[2015-04-08 10:16:55] SlimMonoLogger.ERROR: error: SQLSTATE[23000]: Integrity constraint violation: 1048 Column 'parent' cannot be null [] []
[2015-04-08 10:17:23] SlimMonoLogger.ERROR: error: SQLSTATE[23000]: Integrity constraint violation: 1048 Column 'parent' cannot be null [] []
[2015-04-08 10:24:34] SlimMonoLogger.ERROR: error: SQLSTATE[23000]: Integrity constraint violation: 1048 Column 'parent' cannot be null [] []
[2015-04-08 10:25:51] SlimMonoLogger.ERROR: error: SQLSTATE[23000]: Integrity constraint violation: 1048 Column 'parent' cannot be null [] []
[2015-04-08 10:25:53] SlimMonoLogger.ERROR: error: SQLSTATE[23000]: Integrity constraint violation: 1048 Column 'parent' cannot be null [] []
[2015-04-08 10:26:36] SlimMonoLogger.ERROR: error: SQLSTATE[23000]: Integrity constraint violation: 1048 Column 'parent' cannot be null [] []
[2015-04-08 10:34:22] SlimMonoLogger.ERROR: error: SQLSTATE[23000]: Integrity constraint violation: 1048 Column 'parent' cannot be null [] []
[2015-04-08 10:36:36] SlimMonoLogger.ERROR: error: SQLSTATE[23000]: Integrity constraint violation: 1048 Column 'parent' cannot be null [] []
[2015-04-08 10:37:03] SlimMonoLogger.ERROR: error: SQLSTATE[23000]: Integrity constraint violation: 1048 Column 'parent' cannot be null [] []
[2015-04-08 10:37:26] SlimMonoLogger.ERROR: error: SQLSTATE[23000]: Integrity constraint violation: 1048 Column 'parent' cannot be null [] []
[2015-04-08 10:38:04] SlimMonoLogger.ERROR: error: SQLSTATE[23000]: Integrity constraint violation: 1048 Column 'parent' cannot be null [] []
[2015-04-08 10:40:35] SlimMonoLogger.ERROR: error: SQLSTATE[23000]: Integrity constraint violation: 1048 Column 'parent' cannot be null [] []
[2015-04-08 10:41:31] SlimMonoLogger.ERROR: error: SQLSTATE[23000]: Integrity constraint violation: 1048 Column 'parent' cannot be null [] []
[2015-04-08 10:45:35] SlimMonoLogger.ERROR: error: SQLSTATE[23000]: Integrity constraint violation: 1048 Column 'parent' cannot be null [] []
[2015-04-08 10:56:46] SlimMonoLogger.ERROR: error: SQLSTATE[23000]: Integrity constraint violation: 1048 Column 'parent' cannot be null [] []
[2015-04-08 10:58:40] SlimMonoLogger.ERROR: error: SQLSTATE[23000]: Integrity constraint violation: 1048 Column 'parent' cannot be null [] []
[2015-04-08 11:00:30] SlimMonoLogger.ERROR: error: SQLSTATE[23000]: Integrity constraint violation: 1048 Column 'parent' cannot be null [] []
[2015-04-08 11:26:52] SlimMonoLogger.ERROR: error: SQLSTATE[23000]: Integrity constraint violation: 1048 Column 'parent' cannot be null [] []
[2015-04-08 11:28:26] SlimMonoLogger.ERROR: error: SQLSTATE[23000]: Integrity constraint violation: 1048 Column 'parent' cannot be null [] []
[2015-04-08 11:29:54] SlimMonoLogger.ERROR: error: SQLSTATE[23000]: Integrity constraint violation: 1048 Column 'parent' cannot be null [] []
[2015-04-08 11:30:17] SlimMonoLogger.ERROR: error: SQLSTATE[23000]: Integrity constraint violation: 1048 Column 'parent' cannot be null [] []
[2015-04-08 11:35:51] SlimMonoLogger.ERROR: error: SQLSTATE[23000]: Integrity constraint violation: 1048 Column 'parent' cannot be null [] []
[2015-04-08 11:36:05] SlimMonoLogger.ERROR: error: SQLSTATE[23000]: Integrity constraint violation: 1048 Column 'parent' cannot be null [] []
[2015-04-08 11:36:11] SlimMonoLogger.ERROR: error: SQLSTATE[23000]: Integrity constraint violation: 1048 Column 'parent' cannot be null [] []
[2015-04-08 12:01:26] SlimMonoLogger.ERROR: error: SQLSTATE[23000]: Integrity constraint violation: 1048 Column 'parent' cannot be null [] []
[2015-04-08 12:18:23] SlimMonoLogger.ERROR: error: SQLSTATE[23000]: Integrity constraint violation: 1048 Column 'parent' cannot be null [] []
[2015-04-08 14:13:38] SlimMonoLogger.ERROR: Undefined index: state [] []
[2015-04-08 14:14:22] SlimMonoLogger.ERROR: Undefined index: state [] []
[2015-04-08 14:15:32] SlimMonoLogger.ERROR: Undefined index: state [] []
[2015-04-08 14:16:08] SlimMonoLogger.ERROR: explode(): Empty delimiter [] []
[2015-04-08 14:16:23] SlimMonoLogger.ERROR: Undefined index: sort [] []
[2015-04-08 14:16:56] SlimMonoLogger.ERROR: Invalid argument supplied for foreach() [] []
[2015-04-08 14:17:27] SlimMonoLogger.ERROR: Invalid argument supplied for foreach() [] []
[2015-04-08 14:17:38] SlimMonoLogger.ERROR: Invalid argument supplied for foreach() [] []
[2015-04-08 14:17:40] SlimMonoLogger.ERROR: Invalid argument supplied for foreach() [] []
[2015-04-08 14:18:14] SlimMonoLogger.ERROR: Invalid argument supplied for foreach() [] []
[2015-04-08 14:18:15] SlimMonoLogger.ERROR: Invalid argument supplied for foreach() [] []
[2015-04-08 14:18:16] SlimMonoLogger.ERROR: Invalid argument supplied for foreach() [] []
[2015-04-08 14:22:57] SlimMonoLogger.ERROR: Undefined index: state [] []
[2015-04-08 14:23:28] SlimMonoLogger.ERROR: Invalid argument supplied for foreach() [] []
[2015-04-08 14:23:37] SlimMonoLogger.ERROR: Invalid argument supplied for foreach() [] []
[2015-04-08 14:23:46] SlimMonoLogger.ERROR: Invalid argument supplied for foreach() [] []
[2015-04-08 14:23:48] SlimMonoLogger.ERROR: Invalid argument supplied for foreach() [] []
[2015-04-08 14:24:55] SlimMonoLogger.ERROR: SQLSTATE[42S22]: Column not found: 1054 Unknown column ',' in 'order clause' [] []
[2015-04-08 14:25:16] SlimMonoLogger.ERROR: SQLSTATE[42S22]: Column not found: 1054 Unknown column ',' in 'order clause' [] []
[2015-04-08 14:25:46] SlimMonoLogger.ERROR: SQLSTATE[42S22]: Column not found: 1054 Unknown column ',' in 'order clause' [] []
[2015-04-08 14:26:04] SlimMonoLogger.ERROR: SQLSTATE[42S22]: Column not found: 1054 Unknown column ',' in 'order clause' [] []
[2015-04-08 14:28:06] SlimMonoLogger.ERROR: SQLSTATE[42S22]: Column not found: 1054 Unknown column 'priority' in 'order clause' [] []
[2015-04-08 14:28:21] SlimMonoLogger.ERROR: Invalid argument supplied for foreach() [] []
[2015-04-08 14:29:15] SlimMonoLogger.ERROR: SQLSTATE[42S22]: Column not found: 1054 Unknown column 'priority' in 'order clause' [] []
[2015-04-08 14:42:26] SlimMonoLogger.ERROR: Invalid argument supplied for foreach() [] []
[2015-04-08 14:43:58] SlimMonoLogger.ERROR: Invalid argument supplied for foreach() [] []
[2015-04-08 15:01:36] SlimMonoLogger.ERROR: SQLSTATE[42S22]: Column not found: 1054 Unknown column '' in 'order clause' [] []
[2015-04-08 15:02:53] SlimMonoLogger.ERROR: Invalid argument supplied for foreach() [] []
[2015-04-08 15:08:08] SlimMonoLogger.ERROR: SQLSTATE[42S02]: Base table or view not found: 1146 Table 'default.cms_attachment' doesn't exist [] []
[2015-04-08 15:08:36] SlimMonoLogger.ERROR: Undefined index: id [] []
