[2015-03-15 19:05:35] SlimMonoLogger.ERROR: SQLSTATE[HY000]: General error: 1 no such table: config [] []
[2015-03-15 19:05:37] SlimMonoLogger.ERROR: SQLSTATE[HY000]: General error: 1 no such table: config [] []
[2015-03-15 19:05:37] SlimMonoLogger.ERROR: SQLSTATE[HY000]: General error: 1 no such table: config [] []
[2015-03-15 19:05:38] SlimMonoLogger.ERROR: SQLSTATE[HY000]: General error: 1 no such table: config [] []
[2015-03-15 19:05:38] SlimMonoLogger.ERROR: SQLSTATE[HY000]: General error: 1 no such table: config [] []
[2015-03-15 19:05:39] SlimMonoLogger.ERROR: SQLSTATE[HY000]: General error: 1 no such table: config [] []
[2015-03-15 19:05:39] SlimMonoLogger.ERROR: SQLSTATE[HY000]: General error: 1 no such table: config [] []
[2015-03-15 19:05:39] SlimMonoLogger.ERROR: SQLSTATE[HY000]: General error: 1 no such table: config [] []
[2015-03-15 19:05:40] SlimMonoLogger.ERROR: SQLSTATE[HY000]: General error: 1 no such table: config [] []
[2015-03-15 19:05:40] SlimMonoLogger.ERROR: SQLSTATE[HY000]: General error: 1 no such table: config [] []
[2015-03-15 19:19:07] SlimMonoLogger.ERROR: SQLSTATE[HY000]: General error: 1 no such table: config [] []
[2015-03-15 19:22:15] SlimMonoLogger.ERROR: SQLSTATE[HY000]: General error: 1 no such table: config [] []
[2015-03-15 19:22:16] SlimMonoLogger.ERROR: SQLSTATE[HY000]: General error: 1 no such table: config [] []
[2015-03-15 19:22:16] SlimMonoLogger.ERROR: SQLSTATE[HY000]: General error: 1 no such table: config [] []
[2015-03-15 19:22:17] SlimMonoLogger.ERROR: SQLSTATE[HY000]: General error: 1 no such table: config [] []
[2015-03-15 19:22:17] SlimMonoLogger.ERROR: SQLSTATE[HY000]: General error: 1 no such table: config [] []
[2015-03-15 19:22:17] SlimMonoLogger.ERROR: SQLSTATE[HY000]: General error: 1 no such table: config [] []
[2015-03-15 19:22:18] SlimMonoLogger.ERROR: SQLSTATE[HY000]: General error: 1 no such table: config [] []
[2015-03-15 19:22:18] SlimMonoLogger.ERROR: SQLSTATE[HY000]: General error: 1 no such table: config [] []
[2015-03-15 19:22:18] SlimMonoLogger.ERROR: SQLSTATE[HY000]: General error: 1 no such table: config [] []
[2015-03-15 19:22:19] SlimMonoLogger.ERROR: SQLSTATE[HY000]: General error: 1 no such table: config [] []
[2015-03-15 19:23:12] SlimMonoLogger.ERROR: SQLSTATE[HY000]: General error: 1 no such table: config [] []
[2015-03-15 19:23:13] SlimMonoLogger.ERROR: exception 'Twig_Error_Syntax' with message 'The function "util_csspath" does not exist in "Authentication/Base.php" at line 16' in C:\Users\ntdst\Projects\Netdust\CMS_03-2015_admin-dev\build\system\vendor\twig\twig\lib\Twig\ExpressionParser.php:568 Stack trace: #0 C:\Users\ntdst\Projects\Netdust\CMS_03-2015_admin-dev\build\system\vendor\twig\twig\lib\Twig\ExpressionParser.php(351): Twig_ExpressionParser->getFunctionNodeClass('util_csspath', 16) #1 C:\Users\ntdst\Projects\Netdust\CMS_03-2015_admin-dev\build\system\vendor\twig\twig\lib\Twig\ExpressionParser.php(144): Twig_ExpressionParser->getFunctionNode('util_csspath', 16) #2 C:\Users\ntdst\Projects\Netdust\CMS_03-2015_admin-dev\build\system\vendor\twig\twig\lib\Twig\ExpressionParser.php(84): Twig_ExpressionParser->parsePrimaryExpression() #3 C:\Users\ntdst\Projects\Netdust\CMS_03-2015_admin-dev\build\system\vendor\twig\twig\lib\Twig\ExpressionParser.php(41): Twig_ExpressionParser->getPrimary() #4 C:\Users\ntdst\Projects\Netdust\CMS_03-2015_admin-dev\build\system\vendor\twig\twig\lib\Twig\Parser.php(141): Twig_ExpressionParser->parseExpression() #5 C:\Users\ntdst\Projects\Netdust\CMS_03-2015_admin-dev\build\system\vendor\twig\twig\lib\Twig\Parser.php(95): Twig_Parser->subparse(NULL, false) #6 C:\Users\ntdst\Projects\Netdust\CMS_03-2015_admin-dev\build\system\vendor\twig\twig\lib\Twig\Environment.php(543): Twig_Parser->parse(Object(Twig_TokenStream)) #7 C:\Users\ntdst\Projects\Netdust\CMS_03-2015_admin-dev\build\system\vendor\twig\twig\lib\Twig\Environment.php(595): Twig_Environment->parse(Object(Twig_TokenStream)) #8 C:\Users\ntdst\Projects\Netdust\CMS_03-2015_admin-dev\build\system\vendor\twig\twig\lib\Twig\Environment.php(335): Twig_Environment->compileSource('<!DOCTYPE html>...', 'Authentication/...') #9 C:\Users\ntdst\Projects\Netdust\CMS_03-2015_admin-dev\build\public\data\cache\3d\53\b7a483fd3a399be46a60fca739dd69b269bd7814e2f06f363a6eadf0f6c4.php(12): Twig_Environment->loadTemplate('Authentication/...') #10 C:\Users\ntdst\Projects\Netdust\CMS_03-2015_admin-dev\build\system\vendor\twig\twig\lib\Twig\Environment.php(346): __TwigTemplate_3d53b7a483fd3a399be46a60fca739dd69b269bd7814e2f06f363a6eadf0f6c4->__construct(Object(Twig_Environment)) #11 C:\Users\ntdst\Projects\Netdust\CMS_03-2015_admin-dev\build\system\vendor\slim\views\Twig.php(87): Twig_Environment->loadTemplate('\\Authentication...') #12 C:\Users\ntdst\Projects\Netdust\CMS_03-2015_admin-dev\build\system\vendor\slim\slim\Slim\View.php(255): Slim\Views\Twig->render('\\Authentication...', NULL) #13 C:\Users\ntdst\Projects\Netdust\CMS_03-2015_admin-dev\build\system\vendor\slim\slim\Slim\View.php(243): Slim\View->fetch('\\Authentication...', NULL) #14 C:\Users\ntdst\Projects\Netdust\CMS_03-2015_admin-dev\build\system\vendor\slim\slim\Slim\Slim.php(757): Slim\View->display('\\Authentication...') #15 C:\Users\ntdst\Projects\Netdust\CMS_03-2015_admin-dev\build\system\api\Routes\Admin.php(74): Slim\Slim->render('\\Authentication...', Array) #16 [internal function]: {closure}() #17 C:\Users\ntdst\Projects\Netdust\CMS_03-2015_admin-dev\build\system\api\App.php(50): call_user_func_array(Object(Closure), Array) #18 [internal function]: API\App->API\{closure}() #19 C:\Users\ntdst\Projects\Netdust\CMS_03-2015_admin-dev\build\system\vendor\slim\slim\Slim\Route.php(468): call_user_func_array(Object(Closure), Array) #20 C:\Users\ntdst\Projects\Netdust\CMS_03-2015_admin-dev\build\system\vendor\slim\slim\Slim\Slim.php(1357): Slim\Route->dispatch() #21 C:\Users\ntdst\Projects\Netdust\CMS_03-2015_admin-dev\build\system\vendor\slim\slim\Slim\Middleware\Flash.php(85): Slim\Slim->call() #22 C:\Users\ntdst\Projects\Netdust\CMS_03-2015_admin-dev\build\system\vendor\slim\slim\Slim\Middleware\MethodOverride.php(92): Slim\Middleware\Flash->call() #23 C:\Users\ntdst\Projects\Netdust\CMS_03-2015_admin-dev\build\system\vendor\slim\extras\Slim\Extras\Middleware\CsrfGuard.php(51): Slim\Middleware\MethodOverride->call() #24 C:\Users\ntdst\Projects\Netdust\CMS_03-2015_admin-dev\build\system\vendor\slim\slim\Slim\Middleware\PrettyExceptions.php(67): Slim\Extras\Middleware\CsrfGuard->call() #25 C:\Users\ntdst\Projects\Netdust\CMS_03-2015_admin-dev\build\system\vendor\slim\slim\Slim\Slim.php(1302): Slim\Middleware\PrettyExceptions->call() #26 C:\Users\ntdst\Projects\Netdust\CMS_03-2015_admin-dev\build\index.php(87): Slim\Slim->run() #27 {main} [] []
[2015-03-15 19:24:27] SlimMonoLogger.ERROR: SQLSTATE[HY000]: General error: 1 no such table: config [] []
[2015-03-15 19:25:51] SlimMonoLogger.ERROR: SQLSTATE[HY000]: General error: 1 no such table: config [] []
[2015-03-15 19:27:14] SlimMonoLogger.ERROR: SQLSTATE[HY000]: General error: 1 no such table: config [] []
[2015-03-15 19:27:25] SlimMonoLogger.ERROR: SQLSTATE[HY000]: General error: 1 no such table: config [] []
[2015-03-15 19:28:51] SlimMonoLogger.ERROR: SQLSTATE[HY000]: General error: 1 no such table: config [] []
[2015-03-15 19:28:52] SlimMonoLogger.ERROR: exception 'ErrorException' with message 'call_user_func_array() expects parameter 1 to be a valid callback, class '\api\Util' not found' in C:\Users\ntdst\Projects\Netdust\CMS_03-2015_admin-dev\build\system\api\Extensions\ApiHelpers.php:30 Stack trace: #0 [internal function]: Slim\Slim::handleErrors(2, 'call_user_func_...', 'C:\\Users\\ntdst\\...', 30, Array) #1 C:\Users\ntdst\Projects\Netdust\CMS_03-2015_admin-dev\build\system\api\Extensions\ApiHelpers.php(30): call_user_func_array(Array, Array) #2 C:\Users\ntdst\Projects\Netdust\CMS_03-2015_admin-dev\build\public\data\cache\50\f5\eb6d0126d2406a1ff63d700ca4e2c44b0b1630279a331580591136c4f336.php(42): api\Extensions\ApiHelpers->util_handler('csspath', 'application.css') #3 C:\Users\ntdst\Projects\Netdust\CMS_03-2015_admin-dev\build\system\vendor\twig\twig\lib\Twig\Template.php(289): __TwigTemplate_50f5eb6d0126d2406a1ff63d700ca4e2c44b0b1630279a331580591136c4f336->doDisplay(Array, Array) #4 C:\Users\ntdst\Projects\Netdust\CMS_03-2015_admin-dev\build\system\vendor\twig\twig\lib\Twig\Template.php(263): Twig_Template->displayWithErrorHandling(Array, Array) #5 C:\Users\ntdst\Projects\Netdust\CMS_03-2015_admin-dev\build\public\data\cache\3d\53\b7a483fd3a399be46a60fca739dd69b269bd7814e2f06f363a6eadf0f6c4.php(32): Twig_Template->display(Array, Array) #6 C:\Users\ntdst\Projects\Netdust\CMS_03-2015_admin-dev\build\system\vendor\twig\twig\lib\Twig\Template.php(289): __TwigTemplate_3d53b7a483fd3a399be46a60fca739dd69b269bd7814e2f06f363a6eadf0f6c4->doDisplay(Array, Array) #7 C:\Users\ntdst\Projects\Netdust\CMS_03-2015_admin-dev\build\system\vendor\twig\twig\lib\Twig\Template.php(263): Twig_Template->displayWithErrorHandling(Array, Array) #8 C:\Users\ntdst\Projects\Netdust\CMS_03-2015_admin-dev\build\system\vendor\twig\twig\lib\Twig\Template.php(274): Twig_Template->display(Array) #9 C:\Users\ntdst\Projects\Netdust\CMS_03-2015_admin-dev\build\system\vendor\slim\views\Twig.php(91): Twig_Template->render(Array) #10 C:\Users\ntdst\Projects\Netdust\CMS_03-2015_admin-dev\build\system\vendor\slim\slim\Slim\View.php(255): Slim\Views\Twig->render('\\Authentication...', NULL) #11 C:\Users\ntdst\Projects\Netdust\CMS_03-2015_admin-dev\build\system\vendor\slim\slim\Slim\View.php(243): Slim\View->fetch('\\Authentication...', NULL) #12 C:\Users\ntdst\Projects\Netdust\CMS_03-2015_admin-dev\build\system\vendor\slim\slim\Slim\Slim.php(757): Slim\View->display('\\Authentication...') #13 C:\Users\ntdst\Projects\Netdust\CMS_03-2015_admin-dev\build\system\api\Routes\Admin.php(74): Slim\Slim->render('\\Authentication...', Array) #14 [internal function]: {closure}() #15 C:\Users\ntdst\Projects\Netdust\CMS_03-2015_admin-dev\build\system\api\App.php(50): call_user_func_array(Object(Closure), Array) #16 [internal function]: API\App->API\{closure}() #17 C:\Users\ntdst\Projects\Netdust\CMS_03-2015_admin-dev\build\system\vendor\slim\slim\Slim\Route.php(468): call_user_func_array(Object(Closure), Array) #18 C:\Users\ntdst\Projects\Netdust\CMS_03-2015_admin-dev\build\system\vendor\slim\slim\Slim\Slim.php(1357): Slim\Route->dispatch() #19 C:\Users\ntdst\Projects\Netdust\CMS_03-2015_admin-dev\build\system\vendor\slim\slim\Slim\Middleware\Flash.php(85): Slim\Slim->call() #20 C:\Users\ntdst\Projects\Netdust\CMS_03-2015_admin-dev\build\system\vendor\slim\slim\Slim\Middleware\MethodOverride.php(92): Slim\Middleware\Flash->call() #21 C:\Users\ntdst\Projects\Netdust\CMS_03-2015_admin-dev\build\system\vendor\slim\extras\Slim\Extras\Middleware\CsrfGuard.php(51): Slim\Middleware\MethodOverride->call() #22 C:\Users\ntdst\Projects\Netdust\CMS_03-2015_admin-dev\build\system\vendor\slim\slim\Slim\Middleware\PrettyExceptions.php(67): Slim\Extras\Middleware\CsrfGuard->call() #23 C:\Users\ntdst\Projects\Netdust\CMS_03-2015_admin-dev\build\system\vendor\slim\slim\Slim\Slim.php(1302): Slim\Middleware\PrettyExceptions->call() #24 C:\Users\ntdst\Projects\Netdust\CMS_03-2015_admin-dev\build\index.php(87): Slim\Slim->run() #25 {main}  Next exception 'Twig_Error_Runtime' with message 'An exception has been thrown during the rendering of a template ("call_user_func_array() expects parameter 1 to be a valid callback, class '\api\Util' not found") in "Authentication/Base.php" at line 16.' in C:\Users\ntdst\Projects\Netdust\CMS_03-2015_admin-dev\build\system\vendor\twig\twig\lib\Twig\Template.php:304 Stack trace: #0 C:\Users\ntdst\Projects\Netdust\CMS_03-2015_admin-dev\build\system\vendor\twig\twig\lib\Twig\Template.php(263): Twig_Template->displayWithErrorHandling(Array, Array) #1 C:\Users\ntdst\Projects\Netdust\CMS_03-2015_admin-dev\build\public\data\cache\3d\53\b7a483fd3a399be46a60fca739dd69b269bd7814e2f06f363a6eadf0f6c4.php(32): Twig_Template->display(Array, Array) #2 C:\Users\ntdst\Projects\Netdust\CMS_03-2015_admin-dev\build\system\vendor\twig\twig\lib\Twig\Template.php(289): __TwigTemplate_3d53b7a483fd3a399be46a60fca739dd69b269bd7814e2f06f363a6eadf0f6c4->doDisplay(Array, Array) #3 C:\Users\ntdst\Projects\Netdust\CMS_03-2015_admin-dev\build\system\vendor\twig\twig\lib\Twig\Template.php(263): Twig_Template->displayWithErrorHandling(Array, Array) #4 C:\Users\ntdst\Projects\Netdust\CMS_03-2015_admin-dev\build\system\vendor\twig\twig\lib\Twig\Template.php(274): Twig_Template->display(Array) #5 C:\Users\ntdst\Projects\Netdust\CMS_03-2015_admin-dev\build\system\vendor\slim\views\Twig.php(91): Twig_Template->render(Array) #6 C:\Users\ntdst\Projects\Netdust\CMS_03-2015_admin-dev\build\system\vendor\slim\slim\Slim\View.php(255): Slim\Views\Twig->render('\\Authentication...', NULL) #7 C:\Users\ntdst\Projects\Netdust\CMS_03-2015_admin-dev\build\system\vendor\slim\slim\Slim\View.php(243): Slim\View->fetch('\\Authentication...', NULL) #8 C:\Users\ntdst\Projects\Netdust\CMS_03-2015_admin-dev\build\system\vendor\slim\slim\Slim\Slim.php(757): Slim\View->display('\\Authentication...') #9 C:\Users\ntdst\Projects\Netdust\CMS_03-2015_admin-dev\build\system\api\Routes\Admin.php(74): Slim\Slim->render('\\Authentication...', Array) #10 [internal function]: {closure}() #11 C:\Users\ntdst\Projects\Netdust\CMS_03-2015_admin-dev\build\system\api\App.php(50): call_user_func_array(Object(Closure), Array) #12 [internal function]: API\App->API\{closure}() #13 C:\Users\ntdst\Projects\Netdust\CMS_03-2015_admin-dev\build\system\vendor\slim\slim\Slim\Route.php(468): call_user_func_array(Object(Closure), Array) #14 C:\Users\ntdst\Projects\Netdust\CMS_03-2015_admin-dev\build\system\vendor\slim\slim\Slim\Slim.php(1357): Slim\Route->dispatch() #15 C:\Users\ntdst\Projects\Netdust\CMS_03-2015_admin-dev\build\system\vendor\slim\slim\Slim\Middleware\Flash.php(85): Slim\Slim->call() #16 C:\Users\ntdst\Projects\Netdust\CMS_03-2015_admin-dev\build\system\vendor\slim\slim\Slim\Middleware\MethodOverride.php(92): Slim\Middleware\Flash->call() #17 C:\Users\ntdst\Projects\Netdust\CMS_03-2015_admin-dev\build\system\vendor\slim\extras\Slim\Extras\Middleware\CsrfGuard.php(51): Slim\Middleware\MethodOverride->call() #18 C:\Users\ntdst\Projects\Netdust\CMS_03-2015_admin-dev\build\system\vendor\slim\slim\Slim\Middleware\PrettyExceptions.php(67): Slim\Extras\Middleware\CsrfGuard->call() #19 C:\Users\ntdst\Projects\Netdust\CMS_03-2015_admin-dev\build\system\vendor\slim\slim\Slim\Slim.php(1302): Slim\Middleware\PrettyExceptions->call() #20 C:\Users\ntdst\Projects\Netdust\CMS_03-2015_admin-dev\build\index.php(87): Slim\Slim->run() #21 {main} [] []
[2015-03-15 19:34:22] SlimMonoLogger.ERROR: SQLSTATE[HY000]: General error: 1 no such table: config [] []
[2015-03-15 19:34:23] SlimMonoLogger.ERROR: exception 'ErrorException' with message 'call_user_func_array() expects parameter 1 to be a valid callback, class '\api\Util' not found' in C:\Users\ntdst\Projects\Netdust\CMS_03-2015_admin-dev\build\system\api\Extensions\ApiHelpers.php:30 Stack trace: #0 [internal function]: Slim\Slim::handleErrors(2, 'call_user_func_...', 'C:\\Users\\ntdst\\...', 30, Array) #1 C:\Users\ntdst\Projects\Netdust\CMS_03-2015_admin-dev\build\system\api\Extensions\ApiHelpers.php(30): call_user_func_array(Array, Array) #2 C:\Users\ntdst\Projects\Netdust\CMS_03-2015_admin-dev\build\public\data\cache\50\f5\eb6d0126d2406a1ff63d700ca4e2c44b0b1630279a331580591136c4f336.php(42): api\Extensions\ApiHelpers->util_handler('csspath', 'application.css') #3 C:\Users\ntdst\Projects\Netdust\CMS_03-2015_admin-dev\build\system\vendor\twig\twig\lib\Twig\Template.php(289): __TwigTemplate_50f5eb6d0126d2406a1ff63d700ca4e2c44b0b1630279a331580591136c4f336->doDisplay(Array, Array) #4 C:\Users\ntdst\Projects\Netdust\CMS_03-2015_admin-dev\build\system\vendor\twig\twig\lib\Twig\Template.php(263): Twig_Template->displayWithErrorHandling(Array, Array) #5 C:\Users\ntdst\Projects\Netdust\CMS_03-2015_admin-dev\build\public\data\cache\3d\53\b7a483fd3a399be46a60fca739dd69b269bd7814e2f06f363a6eadf0f6c4.php(32): Twig_Template->display(Array, Array) #6 C:\Users\ntdst\Projects\Netdust\CMS_03-2015_admin-dev\build\system\vendor\twig\twig\lib\Twig\Template.php(289): __TwigTemplate_3d53b7a483fd3a399be46a60fca739dd69b269bd7814e2f06f363a6eadf0f6c4->doDisplay(Array, Array) #7 C:\Users\ntdst\Projects\Netdust\CMS_03-2015_admin-dev\build\system\vendor\twig\twig\lib\Twig\Template.php(263): Twig_Template->displayWithErrorHandling(Array, Array) #8 C:\Users\ntdst\Projects\Netdust\CMS_03-2015_admin-dev\build\system\vendor\twig\twig\lib\Twig\Template.php(274): Twig_Template->display(Array) #9 C:\Users\ntdst\Projects\Netdust\CMS_03-2015_admin-dev\build\system\vendor\slim\views\Twig.php(91): Twig_Template->render(Array) #10 C:\Users\ntdst\Projects\Netdust\CMS_03-2015_admin-dev\build\system\vendor\slim\slim\Slim\View.php(255): Slim\Views\Twig->render('\\Authentication...', NULL) #11 C:\Users\ntdst\Projects\Netdust\CMS_03-2015_admin-dev\build\system\vendor\slim\slim\Slim\View.php(243): Slim\View->fetch('\\Authentication...', NULL) #12 C:\Users\ntdst\Projects\Netdust\CMS_03-2015_admin-dev\build\system\vendor\slim\slim\Slim\Slim.php(757): Slim\View->display('\\Authentication...') #13 C:\Users\ntdst\Projects\Netdust\CMS_03-2015_admin-dev\build\system\api\Routes\Admin.php(74): Slim\Slim->render('\\Authentication...', Array) #14 [internal function]: {closure}() #15 C:\Users\ntdst\Projects\Netdust\CMS_03-2015_admin-dev\build\system\api\App.php(50): call_user_func_array(Object(Closure), Array) #16 [internal function]: API\App->API\{closure}() #17 C:\Users\ntdst\Projects\Netdust\CMS_03-2015_admin-dev\build\system\vendor\slim\slim\Slim\Route.php(468): call_user_func_array(Object(Closure), Array) #18 C:\Users\ntdst\Projects\Netdust\CMS_03-2015_admin-dev\build\system\vendor\slim\slim\Slim\Slim.php(1357): Slim\Route->dispatch() #19 C:\Users\ntdst\Projects\Netdust\CMS_03-2015_admin-dev\build\system\vendor\slim\slim\Slim\Middleware\Flash.php(85): Slim\Slim->call() #20 C:\Users\ntdst\Projects\Netdust\CMS_03-2015_admin-dev\build\system\vendor\slim\slim\Slim\Middleware\MethodOverride.php(92): Slim\Middleware\Flash->call() #21 C:\Users\ntdst\Projects\Netdust\CMS_03-2015_admin-dev\build\system\vendor\slim\extras\Slim\Extras\Middleware\CsrfGuard.php(51): Slim\Middleware\MethodOverride->call() #22 C:\Users\ntdst\Projects\Netdust\CMS_03-2015_admin-dev\build\system\vendor\slim\slim\Slim\Middleware\PrettyExceptions.php(67): Slim\Extras\Middleware\CsrfGuard->call() #23 C:\Users\ntdst\Projects\Netdust\CMS_03-2015_admin-dev\build\system\vendor\slim\slim\Slim\Slim.php(1302): Slim\Middleware\PrettyExceptions->call() #24 C:\Users\ntdst\Projects\Netdust\CMS_03-2015_admin-dev\build\index.php(86): Slim\Slim->run() #25 {main}  Next exception 'Twig_Error_Runtime' with message 'An exception has been thrown during the rendering of a template ("call_user_func_array() expects parameter 1 to be a valid callback, class '\api\Util' not found") in "Authentication/Base.php" at line 16.' in C:\Users\ntdst\Projects\Netdust\CMS_03-2015_admin-dev\build\system\vendor\twig\twig\lib\Twig\Template.php:304 Stack trace: #0 C:\Users\ntdst\Projects\Netdust\CMS_03-2015_admin-dev\build\system\vendor\twig\twig\lib\Twig\Template.php(263): Twig_Template->displayWithErrorHandling(Array, Array) #1 C:\Users\ntdst\Projects\Netdust\CMS_03-2015_admin-dev\build\public\data\cache\3d\53\b7a483fd3a399be46a60fca739dd69b269bd7814e2f06f363a6eadf0f6c4.php(32): Twig_Template->display(Array, Array) #2 C:\Users\ntdst\Projects\Netdust\CMS_03-2015_admin-dev\build\system\vendor\twig\twig\lib\Twig\Template.php(289): __TwigTemplate_3d53b7a483fd3a399be46a60fca739dd69b269bd7814e2f06f363a6eadf0f6c4->doDisplay(Array, Array) #3 C:\Users\ntdst\Projects\Netdust\CMS_03-2015_admin-dev\build\system\vendor\twig\twig\lib\Twig\Template.php(263): Twig_Template->displayWithErrorHandling(Array, Array) #4 C:\Users\ntdst\Projects\Netdust\CMS_03-2015_admin-dev\build\system\vendor\twig\twig\lib\Twig\Template.php(274): Twig_Template->display(Array) #5 C:\Users\ntdst\Projects\Netdust\CMS_03-2015_admin-dev\build\system\vendor\slim\views\Twig.php(91): Twig_Template->render(Array) #6 C:\Users\ntdst\Projects\Netdust\CMS_03-2015_admin-dev\build\system\vendor\slim\slim\Slim\View.php(255): Slim\Views\Twig->render('\\Authentication...', NULL) #7 C:\Users\ntdst\Projects\Netdust\CMS_03-2015_admin-dev\build\system\vendor\slim\slim\Slim\View.php(243): Slim\View->fetch('\\Authentication...', NULL) #8 C:\Users\ntdst\Projects\Netdust\CMS_03-2015_admin-dev\build\system\vendor\slim\slim\Slim\Slim.php(757): Slim\View->display('\\Authentication...') #9 C:\Users\ntdst\Projects\Netdust\CMS_03-2015_admin-dev\build\system\api\Routes\Admin.php(74): Slim\Slim->render('\\Authentication...', Array) #10 [internal function]: {closure}() #11 C:\Users\ntdst\Projects\Netdust\CMS_03-2015_admin-dev\build\system\api\App.php(50): call_user_func_array(Object(Closure), Array) #12 [internal function]: API\App->API\{closure}() #13 C:\Users\ntdst\Projects\Netdust\CMS_03-2015_admin-dev\build\system\vendor\slim\slim\Slim\Route.php(468): call_user_func_array(Object(Closure), Array) #14 C:\Users\ntdst\Projects\Netdust\CMS_03-2015_admin-dev\build\system\vendor\slim\slim\Slim\Slim.php(1357): Slim\Route->dispatch() #15 C:\Users\ntdst\Projects\Netdust\CMS_03-2015_admin-dev\build\system\vendor\slim\slim\Slim\Middleware\Flash.php(85): Slim\Slim->call() #16 C:\Users\ntdst\Projects\Netdust\CMS_03-2015_admin-dev\build\system\vendor\slim\slim\Slim\Middleware\MethodOverride.php(92): Slim\Middleware\Flash->call() #17 C:\Users\ntdst\Projects\Netdust\CMS_03-2015_admin-dev\build\system\vendor\slim\extras\Slim\Extras\Middleware\CsrfGuard.php(51): Slim\Middleware\MethodOverride->call() #18 C:\Users\ntdst\Projects\Netdust\CMS_03-2015_admin-dev\build\system\vendor\slim\slim\Slim\Middleware\PrettyExceptions.php(67): Slim\Extras\Middleware\CsrfGuard->call() #19 C:\Users\ntdst\Projects\Netdust\CMS_03-2015_admin-dev\build\system\vendor\slim\slim\Slim\Slim.php(1302): Slim\Middleware\PrettyExceptions->call() #20 C:\Users\ntdst\Projects\Netdust\CMS_03-2015_admin-dev\build\index.php(86): Slim\Slim->run() #21 {main} [] []
[2015-03-15 19:37:27] SlimMonoLogger.ERROR: SQLSTATE[HY000]: General error: 1 no such table: config [] []
[2015-03-15 19:37:28] SlimMonoLogger.ERROR: SQLSTATE[HY000]: General error: 1 no such table: config [] []
[2015-03-15 19:37:28] SlimMonoLogger.ERROR: SQLSTATE[HY000]: General error: 1 no such table: config [] []
[2015-03-15 19:37:34] SlimMonoLogger.ERROR: SQLSTATE[HY000]: General error: 1 no such table: config [] []
[2015-03-15 19:40:34] SlimMonoLogger.ERROR: SQLSTATE[HY000]: General error: 1 no such table: config [] []
[2015-03-15 19:40:35] SlimMonoLogger.ERROR: SQLSTATE[HY000]: General error: 1 no such table: config [] []
[2015-03-15 19:40:36] SlimMonoLogger.ERROR: SQLSTATE[HY000]: General error: 1 no such table: config [] []
[2015-03-15 19:40:38] SlimMonoLogger.ERROR: SQLSTATE[HY000]: General error: 1 no such table: config [] []
[2015-03-15 19:50:55] SlimMonoLogger.ERROR: SQLSTATE[HY000]: General error: 1 no such table: config [] []
[2015-03-15 19:51:26] SlimMonoLogger.ERROR: SQLSTATE[HY000]: General error: 1 no such table: config [] []
[2015-03-15 19:51:50] SlimMonoLogger.ERROR: SQLSTATE[HY000]: General error: 1 no such table: config [] []
[2015-03-15 19:52:14] SlimMonoLogger.ERROR: SQLSTATE[HY000]: General error: 1 no such table: config [] []
[2015-03-15 19:52:15] SlimMonoLogger.ERROR: SQLSTATE[HY000]: General error: 1 no such table: config [] []
[2015-03-15 19:52:15] SlimMonoLogger.ERROR: SQLSTATE[HY000]: General error: 1 no such table: config [] []
[2015-03-15 19:52:15] SlimMonoLogger.ERROR: SQLSTATE[HY000]: General error: 1 no such table: config [] []
[2015-03-15 19:52:16] SlimMonoLogger.ERROR: SQLSTATE[HY000]: General error: 1 no such table: config [] []
[2015-03-15 19:52:16] SlimMonoLogger.ERROR: SQLSTATE[HY000]: General error: 1 no such table: config [] []
[2015-03-15 19:52:16] SlimMonoLogger.ERROR: SQLSTATE[HY000]: General error: 1 no such table: config [] []
[2015-03-15 19:56:12] SlimMonoLogger.ERROR: SQLSTATE[HY000]: General error: 1 no such table: config [] []
[2015-03-15 19:56:22] SlimMonoLogger.ERROR: SQLSTATE[HY000]: General error: 1 no such table: config [] []
[2015-03-15 19:56:23] SlimMonoLogger.ERROR: SQLSTATE[HY000]: General error: 1 no such table: config [] []
[2015-03-15 19:56:23] SlimMonoLogger.ERROR: SQLSTATE[HY000]: General error: 1 no such table: config [] []
[2015-03-15 19:56:23] SlimMonoLogger.ERROR: SQLSTATE[HY000]: General error: 1 no such table: config [] []
[2015-03-15 19:56:26] SlimMonoLogger.ERROR: SQLSTATE[HY000]: General error: 1 no such table: config [] []
[2015-03-15 19:56:27] SlimMonoLogger.ERROR: SQLSTATE[HY000]: General error: 1 no such table: config [] []
[2015-03-15 19:56:27] SlimMonoLogger.ERROR: SQLSTATE[HY000]: General error: 1 no such table: config [] []
[2015-03-15 19:56:28] SlimMonoLogger.ERROR: SQLSTATE[HY000]: General error: 1 no such table: config [] []
[2015-03-15 19:56:28] SlimMonoLogger.ERROR: SQLSTATE[HY000]: General error: 1 no such table: config [] []
[2015-03-15 19:56:28] SlimMonoLogger.ERROR: SQLSTATE[HY000]: General error: 1 no such table: config [] []
[2015-03-15 19:56:29] SlimMonoLogger.ERROR: SQLSTATE[HY000]: General error: 1 no such table: config [] []
[2015-03-15 19:57:44] SlimMonoLogger.ERROR: SQLSTATE[HY000]: General error: 1 no such table: config [] []
[2015-03-15 19:57:45] SlimMonoLogger.ERROR: SQLSTATE[HY000]: General error: 1 no such table: config [] []
[2015-03-15 19:57:45] SlimMonoLogger.ERROR: SQLSTATE[HY000]: General error: 1 no such table: config [] []
[2015-03-15 19:57:46] SlimMonoLogger.ERROR: SQLSTATE[HY000]: General error: 1 no such table: config [] []
[2015-03-15 19:57:46] SlimMonoLogger.ERROR: SQLSTATE[HY000]: General error: 1 no such table: config [] []
[2015-03-15 19:57:46] SlimMonoLogger.ERROR: SQLSTATE[HY000]: General error: 1 no such table: config [] []
[2015-03-15 21:15:22] SlimMonoLogger.ERROR: SQLSTATE[HY000]: General error: 1 no such table: config [] []
[2015-03-15 21:15:23] SlimMonoLogger.ERROR: SQLSTATE[HY000]: General error: 1 no such table: config [] []
[2015-03-15 21:15:24] SlimMonoLogger.ERROR: SQLSTATE[HY000]: General error: 1 no such table: config [] []
[2015-03-15 21:15:24] SlimMonoLogger.ERROR: SQLSTATE[HY000]: General error: 1 no such table: config [] []
[2015-03-15 21:15:25] SlimMonoLogger.ERROR: SQLSTATE[HY000]: General error: 1 no such table: config [] []
[2015-03-15 21:15:25] SlimMonoLogger.ERROR: SQLSTATE[HY000]: General error: 1 no such table: config [] []
[2015-03-15 21:15:25] SlimMonoLogger.ERROR: SQLSTATE[HY000]: General error: 1 no such table: config [] []
[2015-03-15 21:16:38] SlimMonoLogger.ERROR: SQLSTATE[HY000]: General error: 1 no such table: config [] []
[2015-03-15 21:16:39] SlimMonoLogger.ERROR: SQLSTATE[HY000]: General error: 1 no such table: config [] []
[2015-03-15 21:16:40] SlimMonoLogger.ERROR: SQLSTATE[HY000]: General error: 1 no such table: config [] []
[2015-03-15 21:16:40] SlimMonoLogger.ERROR: SQLSTATE[HY000]: General error: 1 no such table: config [] []
[2015-03-15 21:16:41] SlimMonoLogger.ERROR: SQLSTATE[HY000]: General error: 1 no such table: config [] []
[2015-03-15 21:16:41] SlimMonoLogger.ERROR: SQLSTATE[HY000]: General error: 1 no such table: config [] []
[2015-03-15 21:16:41] SlimMonoLogger.ERROR: SQLSTATE[HY000]: General error: 1 no such table: config [] []
[2015-03-15 21:16:42] SlimMonoLogger.ERROR: SQLSTATE[HY000]: General error: 1 no such table: config [] []
[2015-03-15 21:17:08] SlimMonoLogger.ERROR: SQLSTATE[HY000]: General error: 1 no such table: config [] []
[2015-03-15 21:17:10] SlimMonoLogger.ERROR: SQLSTATE[HY000]: General error: 1 no such table: config [] []
[2015-03-15 21:17:10] SlimMonoLogger.ERROR: SQLSTATE[HY000]: General error: 1 no such table: config [] []
[2015-03-15 21:17:10] SlimMonoLogger.ERROR: SQLSTATE[HY000]: General error: 1 no such table: config [] []
[2015-03-15 21:17:10] SlimMonoLogger.ERROR: SQLSTATE[HY000]: General error: 1 no such table: config [] []
[2015-03-15 21:17:11] SlimMonoLogger.ERROR: SQLSTATE[HY000]: General error: 1 no such table: config [] []
[2015-03-15 21:17:11] SlimMonoLogger.ERROR: SQLSTATE[HY000]: General error: 1 no such table: config [] []
[2015-03-15 21:20:25] SlimMonoLogger.ERROR: SQLSTATE[HY000]: General error: 1 no such table: config [] []
[2015-03-15 21:20:26] SlimMonoLogger.ERROR: SQLSTATE[HY000]: General error: 1 no such table: config [] []
[2015-03-15 21:20:26] SlimMonoLogger.ERROR: SQLSTATE[HY000]: General error: 1 no such table: config [] []
[2015-03-15 21:22:06] SlimMonoLogger.ERROR: SQLSTATE[HY000]: General error: 1 no such table: config [] []
[2015-03-15 21:22:07] SlimMonoLogger.ERROR: SQLSTATE[HY000]: General error: 1 no such table: config [] []
[2015-03-15 21:22:48] SlimMonoLogger.ERROR: SQLSTATE[HY000]: General error: 1 no such table: config [] []
[2015-03-15 21:22:50] SlimMonoLogger.ERROR: SQLSTATE[HY000]: General error: 1 no such table: config [] []
[2015-03-15 21:25:02] SlimMonoLogger.ERROR: SQLSTATE[HY000]: General error: 1 no such table: config [] []
[2015-03-15 21:25:04] SlimMonoLogger.ERROR: SQLSTATE[HY000]: General error: 1 no such table: config [] []
[2015-03-15 21:27:20] SlimMonoLogger.ERROR: SQLSTATE[HY000]: General error: 1 no such table: config [] []
[2015-03-15 21:27:21] SlimMonoLogger.ERROR: SQLSTATE[HY000]: General error: 1 no such table: config [] []
[2015-03-15 21:32:04] SlimMonoLogger.ERROR: SQLSTATE[HY000]: General error: 1 no such table: config [] []
[2015-03-15 21:32:05] SlimMonoLogger.ERROR: SQLSTATE[HY000]: General error: 1 no such table: config [] []
[2015-03-15 21:32:55] SlimMonoLogger.ERROR: SQLSTATE[HY000]: General error: 1 no such table: config [] []
[2015-03-15 21:32:56] SlimMonoLogger.ERROR: SQLSTATE[HY000]: General error: 1 no such table: config [] []
[2015-03-15 21:33:16] SlimMonoLogger.ERROR: SQLSTATE[HY000]: General error: 1 no such table: config [] []
[2015-03-15 21:33:17] SlimMonoLogger.ERROR: SQLSTATE[HY000]: General error: 1 no such table: config [] []
[2015-03-15 21:34:10] SlimMonoLogger.ERROR: SQLSTATE[HY000]: General error: 1 no such table: config [] []
[2015-03-15 21:34:12] SlimMonoLogger.ERROR: SQLSTATE[HY000]: General error: 1 no such table: config [] []
[2015-03-15 21:35:20] SlimMonoLogger.ERROR: SQLSTATE[HY000]: General error: 1 no such table: config [] []
[2015-03-15 21:35:21] SlimMonoLogger.ERROR: SQLSTATE[HY000]: General error: 1 no such table: config [] []
[2015-03-15 21:35:38] SlimMonoLogger.ERROR: SQLSTATE[HY000]: General error: 1 no such table: config [] []
[2015-03-15 21:35:39] SlimMonoLogger.ERROR: SQLSTATE[HY000]: General error: 1 no such table: config [] []
[2015-03-15 21:37:03] SlimMonoLogger.ERROR: SQLSTATE[HY000]: General error: 1 no such table: config [] []
[2015-03-15 21:37:05] SlimMonoLogger.ERROR: SQLSTATE[HY000]: General error: 1 no such table: config [] []
[2015-03-15 21:38:46] SlimMonoLogger.ERROR: SQLSTATE[HY000]: General error: 1 no such table: config [] []
[2015-03-15 21:38:47] SlimMonoLogger.ERROR: SQLSTATE[HY000]: General error: 1 no such table: config [] []
[2015-03-15 22:08:42] SlimMonoLogger.ERROR: SQLSTATE[HY000]: General error: 1 no such table: config [] []
[2015-03-15 22:08:43] SlimMonoLogger.ERROR: SQLSTATE[HY000]: General error: 1 no such table: config [] []
[2015-03-15 22:08:53] SlimMonoLogger.ERROR: SQLSTATE[HY000]: General error: 1 no such table: config [] []
[2015-03-15 22:08:55] SlimMonoLogger.ERROR: SQLSTATE[HY000]: General error: 1 no such table: config [] []
[2015-03-15 22:10:54] SlimMonoLogger.ERROR: SQLSTATE[HY000]: General error: 1 no such table: config [] []
[2015-03-15 22:10:55] SlimMonoLogger.ERROR: SQLSTATE[HY000]: General error: 1 no such table: config [] []
[2015-03-15 22:11:26] SlimMonoLogger.ERROR: SQLSTATE[HY000]: General error: 1 no such table: config [] []
[2015-03-15 22:11:28] SlimMonoLogger.ERROR: SQLSTATE[HY000]: General error: 1 no such table: config [] []
[2015-03-15 22:11:36] SlimMonoLogger.ERROR: SQLSTATE[HY000]: General error: 1 no such table: config [] []
[2015-03-15 22:11:37] SlimMonoLogger.ERROR: SQLSTATE[HY000]: General error: 1 no such table: config [] []
[2015-03-15 22:11:41] SlimMonoLogger.ERROR: SQLSTATE[HY000]: General error: 1 no such table: config [] []
[2015-03-15 22:11:41] SlimMonoLogger.ERROR: exception 'PDOException' with message 'SQLSTATE[HY000]: General error: 1 no such table: groups' in C:\Users\ntdst\Projects\Netdust\CMS_03-2015_admin-dev\build\system\vendor\j4mie\idiorm\idiorm.php:411 Stack trace: #0 C:\Users\ntdst\Projects\Netdust\CMS_03-2015_admin-dev\build\system\vendor\j4mie\idiorm\idiorm.php(411): PDO->prepare('SELECT * FROM `...') #1 C:\Users\ntdst\Projects\Netdust\CMS_03-2015_admin-dev\build\system\vendor\j4mie\idiorm\idiorm.php(1828): ORM::_execute('SELECT * FROM `...', Array, 'default') #2 C:\Users\ntdst\Projects\Netdust\CMS_03-2015_admin-dev\build\system\vendor\j4mie\idiorm\idiorm.php(659): ORM->_run() #3 C:\Users\ntdst\Projects\Netdust\CMS_03-2015_admin-dev\build\system\api\Routes\Admin.php(111): ORM->find_array() #4 [internal function]: {closure}() #5 C:\Users\ntdst\Projects\Netdust\CMS_03-2015_admin-dev\build\system\api\App.php(50): call_user_func_array(Object(Closure), Array) #6 [internal function]: API\App->API\{closure}() #7 C:\Users\ntdst\Projects\Netdust\CMS_03-2015_admin-dev\build\system\vendor\slim\slim\Slim\Route.php(468): call_user_func_array(Object(Closure), Array) #8 C:\Users\ntdst\Projects\Netdust\CMS_03-2015_admin-dev\build\system\vendor\slim\slim\Slim\Slim.php(1357): Slim\Route->dispatch() #9 C:\Users\ntdst\Projects\Netdust\CMS_03-2015_admin-dev\build\system\vendor\slim\slim\Slim\Middleware\Flash.php(85): Slim\Slim->call() #10 C:\Users\ntdst\Projects\Netdust\CMS_03-2015_admin-dev\build\system\vendor\slim\slim\Slim\Middleware\MethodOverride.php(92): Slim\Middleware\Flash->call() #11 C:\Users\ntdst\Projects\Netdust\CMS_03-2015_admin-dev\build\system\vendor\slim\extras\Slim\Extras\Middleware\CsrfGuard.php(51): Slim\Middleware\MethodOverride->call() #12 C:\Users\ntdst\Projects\Netdust\CMS_03-2015_admin-dev\build\system\vendor\slim\slim\Slim\Middleware\PrettyExceptions.php(67): Slim\Extras\Middleware\CsrfGuard->call() #13 C:\Users\ntdst\Projects\Netdust\CMS_03-2015_admin-dev\build\system\vendor\slim\slim\Slim\Slim.php(1302): Slim\Middleware\PrettyExceptions->call() #14 C:\Users\ntdst\Projects\Netdust\CMS_03-2015_admin-dev\build\index.php(87): Slim\Slim->run() #15 {main} [] []
[2015-03-15 22:19:10] SlimMonoLogger.ERROR: SQLSTATE[HY000]: General error: 1 no such table: config [] []
[2015-03-15 22:19:10] SlimMonoLogger.ERROR: exception 'PDOException' with message 'SQLSTATE[HY000]: General error: 1 no such table: groups' in C:\Users\ntdst\Projects\Netdust\CMS_03-2015_admin-dev\build\system\vendor\j4mie\idiorm\idiorm.php:411 Stack trace: #0 C:\Users\ntdst\Projects\Netdust\CMS_03-2015_admin-dev\build\system\vendor\j4mie\idiorm\idiorm.php(411): PDO->prepare('SELECT * FROM `...') #1 C:\Users\ntdst\Projects\Netdust\CMS_03-2015_admin-dev\build\system\vendor\j4mie\idiorm\idiorm.php(1828): ORM::_execute('SELECT * FROM `...', Array, 'default') #2 C:\Users\ntdst\Projects\Netdust\CMS_03-2015_admin-dev\build\system\vendor\j4mie\idiorm\idiorm.php(659): ORM->_run() #3 C:\Users\ntdst\Projects\Netdust\CMS_03-2015_admin-dev\build\system\api\Routes\Admin.php(111): ORM->find_array() #4 [internal function]: {closure}() #5 C:\Users\ntdst\Projects\Netdust\CMS_03-2015_admin-dev\build\system\api\App.php(50): call_user_func_array(Object(Closure), Array) #6 [internal function]: API\App->API\{closure}() #7 C:\Users\ntdst\Projects\Netdust\CMS_03-2015_admin-dev\build\system\vendor\slim\slim\Slim\Route.php(468): call_user_func_array(Object(Closure), Array) #8 C:\Users\ntdst\Projects\Netdust\CMS_03-2015_admin-dev\build\system\vendor\slim\slim\Slim\Slim.php(1357): Slim\Route->dispatch() #9 C:\Users\ntdst\Projects\Netdust\CMS_03-2015_admin-dev\build\system\vendor\slim\slim\Slim\Middleware\Flash.php(85): Slim\Slim->call() #10 C:\Users\ntdst\Projects\Netdust\CMS_03-2015_admin-dev\build\system\vendor\slim\slim\Slim\Middleware\MethodOverride.php(92): Slim\Middleware\Flash->call() #11 C:\Users\ntdst\Projects\Netdust\CMS_03-2015_admin-dev\build\system\vendor\slim\extras\Slim\Extras\Middleware\CsrfGuard.php(51): Slim\Middleware\MethodOverride->call() #12 C:\Users\ntdst\Projects\Netdust\CMS_03-2015_admin-dev\build\system\vendor\slim\slim\Slim\Middleware\PrettyExceptions.php(67): Slim\Extras\Middleware\CsrfGuard->call() #13 C:\Users\ntdst\Projects\Netdust\CMS_03-2015_admin-dev\build\system\vendor\slim\slim\Slim\Slim.php(1302): Slim\Middleware\PrettyExceptions->call() #14 C:\Users\ntdst\Projects\Netdust\CMS_03-2015_admin-dev\build\index.php(87): Slim\Slim->run() #15 {main} [] []
[2015-03-15 22:20:39] SlimMonoLogger.ERROR: invalid data source name [] []
[2015-03-15 22:20:39] SlimMonoLogger.ERROR: exception 'PDOException' with message 'invalid data source name' in C:\Users\ntdst\Projects\Netdust\CMS_03-2015_admin-dev\build\system\vendor\j4mie\idiorm\idiorm.php:255 Stack trace: #0 C:\Users\ntdst\Projects\Netdust\CMS_03-2015_admin-dev\build\system\vendor\j4mie\idiorm\idiorm.php(255): PDO->__construct('', 'root', 'default', Array) #1 C:\Users\ntdst\Projects\Netdust\CMS_03-2015_admin-dev\build\system\vendor\j4mie\idiorm\idiorm.php(237): ORM::_setup_db('default') #2 C:\Users\ntdst\Projects\Netdust\CMS_03-2015_admin-dev\build\system\api\Routes\Admin.php(111): ORM::for_table('groups') #3 [internal function]: {closure}() #4 C:\Users\ntdst\Projects\Netdust\CMS_03-2015_admin-dev\build\system\api\App.php(50): call_user_func_array(Object(Closure), Array) #5 [internal function]: API\App->API\{closure}() #6 C:\Users\ntdst\Projects\Netdust\CMS_03-2015_admin-dev\build\system\vendor\slim\slim\Slim\Route.php(468): call_user_func_array(Object(Closure), Array) #7 C:\Users\ntdst\Projects\Netdust\CMS_03-2015_admin-dev\build\system\vendor\slim\slim\Slim\Slim.php(1357): Slim\Route->dispatch() #8 C:\Users\ntdst\Projects\Netdust\CMS_03-2015_admin-dev\build\system\vendor\slim\slim\Slim\Middleware\Flash.php(85): Slim\Slim->call() #9 C:\Users\ntdst\Projects\Netdust\CMS_03-2015_admin-dev\build\system\vendor\slim\slim\Slim\Middleware\MethodOverride.php(92): Slim\Middleware\Flash->call() #10 C:\Users\ntdst\Projects\Netdust\CMS_03-2015_admin-dev\build\system\vendor\slim\extras\Slim\Extras\Middleware\CsrfGuard.php(51): Slim\Middleware\MethodOverride->call() #11 C:\Users\ntdst\Projects\Netdust\CMS_03-2015_admin-dev\build\system\vendor\slim\slim\Slim\Middleware\PrettyExceptions.php(67): Slim\Extras\Middleware\CsrfGuard->call() #12 C:\Users\ntdst\Projects\Netdust\CMS_03-2015_admin-dev\build\system\vendor\slim\slim\Slim\Slim.php(1302): Slim\Middleware\PrettyExceptions->call() #13 C:\Users\ntdst\Projects\Netdust\CMS_03-2015_admin-dev\build\index.php(87): Slim\Slim->run() #14 {main} [] []
[2015-03-15 22:20:53] SlimMonoLogger.ERROR: SQLSTATE[HY000] [1045] Access denied for user 'root'@'localhost' (using password: YES) [] []
[2015-03-15 22:20:53] SlimMonoLogger.ERROR: exception 'PDOException' with message 'SQLSTATE[HY000] [1045] Access denied for user 'root'@'localhost' (using password: YES)' in C:\Users\ntdst\Projects\Netdust\CMS_03-2015_admin-dev\build\system\vendor\j4mie\idiorm\idiorm.php:255 Stack trace: #0 C:\Users\ntdst\Projects\Netdust\CMS_03-2015_admin-dev\build\system\vendor\j4mie\idiorm\idiorm.php(255): PDO->__construct('mysql:localhost...', 'root', 'default', Array) #1 C:\Users\ntdst\Projects\Netdust\CMS_03-2015_admin-dev\build\system\vendor\j4mie\idiorm\idiorm.php(237): ORM::_setup_db('default') #2 C:\Users\ntdst\Projects\Netdust\CMS_03-2015_admin-dev\build\system\api\Routes\Admin.php(111): ORM::for_table('groups') #3 [internal function]: {closure}() #4 C:\Users\ntdst\Projects\Netdust\CMS_03-2015_admin-dev\build\system\api\App.php(50): call_user_func_array(Object(Closure), Array) #5 [internal function]: API\App->API\{closure}() #6 C:\Users\ntdst\Projects\Netdust\CMS_03-2015_admin-dev\build\system\vendor\slim\slim\Slim\Route.php(468): call_user_func_array(Object(Closure), Array) #7 C:\Users\ntdst\Projects\Netdust\CMS_03-2015_admin-dev\build\system\vendor\slim\slim\Slim\Slim.php(1357): Slim\Route->dispatch() #8 C:\Users\ntdst\Projects\Netdust\CMS_03-2015_admin-dev\build\system\vendor\slim\slim\Slim\Middleware\Flash.php(85): Slim\Slim->call() #9 C:\Users\ntdst\Projects\Netdust\CMS_03-2015_admin-dev\build\system\vendor\slim\slim\Slim\Middleware\MethodOverride.php(92): Slim\Middleware\Flash->call() #10 C:\Users\ntdst\Projects\Netdust\CMS_03-2015_admin-dev\build\system\vendor\slim\extras\Slim\Extras\Middleware\CsrfGuard.php(51): Slim\Middleware\MethodOverride->call() #11 C:\Users\ntdst\Projects\Netdust\CMS_03-2015_admin-dev\build\system\vendor\slim\slim\Slim\Middleware\PrettyExceptions.php(67): Slim\Extras\Middleware\CsrfGuard->call() #12 C:\Users\ntdst\Projects\Netdust\CMS_03-2015_admin-dev\build\system\vendor\slim\slim\Slim\Slim.php(1302): Slim\Middleware\PrettyExceptions->call() #13 C:\Users\ntdst\Projects\Netdust\CMS_03-2015_admin-dev\build\index.php(87): Slim\Slim->run() #14 {main} [] []
[2015-03-15 22:21:22] SlimMonoLogger.ERROR: SQLSTATE[3D000]: Invalid catalog name: 1046 No database selected [] []
[2015-03-15 22:21:22] SlimMonoLogger.ERROR: exception 'PDOException' with message 'SQLSTATE[3D000]: Invalid catalog name: 1046 No database selected' in C:\Users\ntdst\Projects\Netdust\CMS_03-2015_admin-dev\build\system\vendor\j4mie\idiorm\idiorm.php:429 Stack trace: #0 C:\Users\ntdst\Projects\Netdust\CMS_03-2015_admin-dev\build\system\vendor\j4mie\idiorm\idiorm.php(429): PDOStatement->execute() #1 C:\Users\ntdst\Projects\Netdust\CMS_03-2015_admin-dev\build\system\vendor\j4mie\idiorm\idiorm.php(1828): ORM::_execute('SELECT * FROM `...', Array, 'default') #2 C:\Users\ntdst\Projects\Netdust\CMS_03-2015_admin-dev\build\system\vendor\j4mie\idiorm\idiorm.php(659): ORM->_run() #3 C:\Users\ntdst\Projects\Netdust\CMS_03-2015_admin-dev\build\system\api\Routes\Admin.php(111): ORM->find_array() #4 [internal function]: {closure}() #5 C:\Users\ntdst\Projects\Netdust\CMS_03-2015_admin-dev\build\system\api\App.php(50): call_user_func_array(Object(Closure), Array) #6 [internal function]: API\App->API\{closure}() #7 C:\Users\ntdst\Projects\Netdust\CMS_03-2015_admin-dev\build\system\vendor\slim\slim\Slim\Route.php(468): call_user_func_array(Object(Closure), Array) #8 C:\Users\ntdst\Projects\Netdust\CMS_03-2015_admin-dev\build\system\vendor\slim\slim\Slim\Slim.php(1357): Slim\Route->dispatch() #9 C:\Users\ntdst\Projects\Netdust\CMS_03-2015_admin-dev\build\system\vendor\slim\slim\Slim\Middleware\Flash.php(85): Slim\Slim->call() #10 C:\Users\ntdst\Projects\Netdust\CMS_03-2015_admin-dev\build\system\vendor\slim\slim\Slim\Middleware\MethodOverride.php(92): Slim\Middleware\Flash->call() #11 C:\Users\ntdst\Projects\Netdust\CMS_03-2015_admin-dev\build\system\vendor\slim\extras\Slim\Extras\Middleware\CsrfGuard.php(51): Slim\Middleware\MethodOverride->call() #12 C:\Users\ntdst\Projects\Netdust\CMS_03-2015_admin-dev\build\system\vendor\slim\slim\Slim\Middleware\PrettyExceptions.php(67): Slim\Extras\Middleware\CsrfGuard->call() #13 C:\Users\ntdst\Projects\Netdust\CMS_03-2015_admin-dev\build\system\vendor\slim\slim\Slim\Slim.php(1302): Slim\Middleware\PrettyExceptions->call() #14 C:\Users\ntdst\Projects\Netdust\CMS_03-2015_admin-dev\build\index.php(87): Slim\Slim->run() #15 {main} [] []
[2015-03-15 22:22:50] SlimMonoLogger.ERROR: SQLSTATE[HY000] [1044] Access denied for user ''@'localhost' to database 'default' [] []
[2015-03-15 22:22:50] SlimMonoLogger.ERROR: exception 'PDOException' with message 'SQLSTATE[HY000] [1044] Access denied for user ''@'localhost' to database 'default'' in C:\Users\ntdst\Projects\Netdust\CMS_03-2015_admin-dev\build\system\vendor\j4mie\idiorm\idiorm.php:255 Stack trace: #0 C:\Users\ntdst\Projects\Netdust\CMS_03-2015_admin-dev\build\system\vendor\j4mie\idiorm\idiorm.php(255): PDO->__construct('mysql:dbname=de...', NULL, NULL, Array) #1 C:\Users\ntdst\Projects\Netdust\CMS_03-2015_admin-dev\build\system\vendor\j4mie\idiorm\idiorm.php(237): ORM::_setup_db('default') #2 C:\Users\ntdst\Projects\Netdust\CMS_03-2015_admin-dev\build\system\api\Routes\Admin.php(111): ORM::for_table('groups') #3 [internal function]: {closure}() #4 C:\Users\ntdst\Projects\Netdust\CMS_03-2015_admin-dev\build\system\api\App.php(50): call_user_func_array(Object(Closure), Array) #5 [internal function]: API\App->API\{closure}() #6 C:\Users\ntdst\Projects\Netdust\CMS_03-2015_admin-dev\build\system\vendor\slim\slim\Slim\Route.php(468): call_user_func_array(Object(Closure), Array) #7 C:\Users\ntdst\Projects\Netdust\CMS_03-2015_admin-dev\build\system\vendor\slim\slim\Slim\Slim.php(1357): Slim\Route->dispatch() #8 C:\Users\ntdst\Projects\Netdust\CMS_03-2015_admin-dev\build\system\vendor\slim\slim\Slim\Middleware\Flash.php(85): Slim\Slim->call() #9 C:\Users\ntdst\Projects\Netdust\CMS_03-2015_admin-dev\build\system\vendor\slim\slim\Slim\Middleware\MethodOverride.php(92): Slim\Middleware\Flash->call() #10 C:\Users\ntdst\Projects\Netdust\CMS_03-2015_admin-dev\build\system\vendor\slim\extras\Slim\Extras\Middleware\CsrfGuard.php(51): Slim\Middleware\MethodOverride->call() #11 C:\Users\ntdst\Projects\Netdust\CMS_03-2015_admin-dev\build\system\vendor\slim\slim\Slim\Middleware\PrettyExceptions.php(67): Slim\Extras\Middleware\CsrfGuard->call() #12 C:\Users\ntdst\Projects\Netdust\CMS_03-2015_admin-dev\build\system\vendor\slim\slim\Slim\Slim.php(1302): Slim\Middleware\PrettyExceptions->call() #13 C:\Users\ntdst\Projects\Netdust\CMS_03-2015_admin-dev\build\index.php(87): Slim\Slim->run() #14 {main} [] []
[2015-03-15 22:23:43] SlimMonoLogger.ERROR: SQLSTATE[HY000] [1044] Access denied for user ''@'localhost' to database 'default' [] []
[2015-03-15 22:23:44] SlimMonoLogger.ERROR: exception 'PDOException' with message 'SQLSTATE[HY000] [1044] Access denied for user ''@'localhost' to database 'default'' in C:\Users\ntdst\Projects\Netdust\CMS_03-2015_admin-dev\build\system\vendor\j4mie\idiorm\idiorm.php:255 Stack trace: #0 C:\Users\ntdst\Projects\Netdust\CMS_03-2015_admin-dev\build\system\vendor\j4mie\idiorm\idiorm.php(255): PDO->__construct('mysql:dbname=de...', NULL, NULL, Array) #1 C:\Users\ntdst\Projects\Netdust\CMS_03-2015_admin-dev\build\system\vendor\j4mie\idiorm\idiorm.php(237): ORM::_setup_db('default') #2 C:\Users\ntdst\Projects\Netdust\CMS_03-2015_admin-dev\build\system\api\Routes\Admin.php(111): ORM::for_table('groups') #3 [internal function]: {closure}() #4 C:\Users\ntdst\Projects\Netdust\CMS_03-2015_admin-dev\build\system\api\App.php(50): call_user_func_array(Object(Closure), Array) #5 [internal function]: API\App->API\{closure}() #6 C:\Users\ntdst\Projects\Netdust\CMS_03-2015_admin-dev\build\system\vendor\slim\slim\Slim\Route.php(468): call_user_func_array(Object(Closure), Array) #7 C:\Users\ntdst\Projects\Netdust\CMS_03-2015_admin-dev\build\system\vendor\slim\slim\Slim\Slim.php(1357): Slim\Route->dispatch() #8 C:\Users\ntdst\Projects\Netdust\CMS_03-2015_admin-dev\build\system\vendor\slim\slim\Slim\Middleware\Flash.php(85): Slim\Slim->call() #9 C:\Users\ntdst\Projects\Netdust\CMS_03-2015_admin-dev\build\system\vendor\slim\slim\Slim\Middleware\MethodOverride.php(92): Slim\Middleware\Flash->call() #10 C:\Users\ntdst\Projects\Netdust\CMS_03-2015_admin-dev\build\system\vendor\slim\extras\Slim\Extras\Middleware\CsrfGuard.php(51): Slim\Middleware\MethodOverride->call() #11 C:\Users\ntdst\Projects\Netdust\CMS_03-2015_admin-dev\build\system\vendor\slim\slim\Slim\Middleware\PrettyExceptions.php(67): Slim\Extras\Middleware\CsrfGuard->call() #12 C:\Users\ntdst\Projects\Netdust\CMS_03-2015_admin-dev\build\system\vendor\slim\slim\Slim\Slim.php(1302): Slim\Middleware\PrettyExceptions->call() #13 C:\Users\ntdst\Projects\Netdust\CMS_03-2015_admin-dev\build\index.php(87): Slim\Slim->run() #14 {main} [] []
[2015-03-15 22:24:15] SlimMonoLogger.ERROR: SQLSTATE[HY000] [1044] Access denied for user ''@'localhost' to database 'default' [] []
[2015-03-15 22:24:15] SlimMonoLogger.ERROR: exception 'PDOException' with message 'SQLSTATE[HY000] [1044] Access denied for user ''@'localhost' to database 'default'' in C:\Users\ntdst\Projects\Netdust\CMS_03-2015_admin-dev\build\system\vendor\j4mie\idiorm\idiorm.php:255 Stack trace: #0 C:\Users\ntdst\Projects\Netdust\CMS_03-2015_admin-dev\build\system\vendor\j4mie\idiorm\idiorm.php(255): PDO->__construct('mysql:dbname=de...', NULL, NULL, Array) #1 C:\Users\ntdst\Projects\Netdust\CMS_03-2015_admin-dev\build\system\vendor\j4mie\idiorm\idiorm.php(237): ORM::_setup_db('default') #2 C:\Users\ntdst\Projects\Netdust\CMS_03-2015_admin-dev\build\system\api\Routes\Admin.php(111): ORM::for_table('groups') #3 [internal function]: {closure}() #4 C:\Users\ntdst\Projects\Netdust\CMS_03-2015_admin-dev\build\system\api\App.php(50): call_user_func_array(Object(Closure), Array) #5 [internal function]: API\App->API\{closure}() #6 C:\Users\ntdst\Projects\Netdust\CMS_03-2015_admin-dev\build\system\vendor\slim\slim\Slim\Route.php(468): call_user_func_array(Object(Closure), Array) #7 C:\Users\ntdst\Projects\Netdust\CMS_03-2015_admin-dev\build\system\vendor\slim\slim\Slim\Slim.php(1357): Slim\Route->dispatch() #8 C:\Users\ntdst\Projects\Netdust\CMS_03-2015_admin-dev\build\system\vendor\slim\slim\Slim\Middleware\Flash.php(85): Slim\Slim->call() #9 C:\Users\ntdst\Projects\Netdust\CMS_03-2015_admin-dev\build\system\vendor\slim\slim\Slim\Middleware\MethodOverride.php(92): Slim\Middleware\Flash->call() #10 C:\Users\ntdst\Projects\Netdust\CMS_03-2015_admin-dev\build\system\vendor\slim\extras\Slim\Extras\Middleware\CsrfGuard.php(51): Slim\Middleware\MethodOverride->call() #11 C:\Users\ntdst\Projects\Netdust\CMS_03-2015_admin-dev\build\system\vendor\slim\slim\Slim\Middleware\PrettyExceptions.php(67): Slim\Extras\Middleware\CsrfGuard->call() #12 C:\Users\ntdst\Projects\Netdust\CMS_03-2015_admin-dev\build\system\vendor\slim\slim\Slim\Slim.php(1302): Slim\Middleware\PrettyExceptions->call() #13 C:\Users\ntdst\Projects\Netdust\CMS_03-2015_admin-dev\build\index.php(87): Slim\Slim->run() #14 {main} [] []
[2015-03-15 22:26:42] SlimMonoLogger.ERROR: SQLSTATE[HY000] [1044] Access denied for user ''@'localhost' to database 'default' [] []
[2015-03-15 22:26:42] SlimMonoLogger.ERROR: exception 'PDOException' with message 'SQLSTATE[HY000] [1044] Access denied for user ''@'localhost' to database 'default'' in C:\Users\ntdst\Projects\Netdust\CMS_03-2015_admin-dev\build\system\vendor\j4mie\idiorm\idiorm.php:255 Stack trace: #0 C:\Users\ntdst\Projects\Netdust\CMS_03-2015_admin-dev\build\system\vendor\j4mie\idiorm\idiorm.php(255): PDO->__construct('mysql:dbname=de...', NULL, NULL, Array) #1 C:\Users\ntdst\Projects\Netdust\CMS_03-2015_admin-dev\build\system\vendor\j4mie\idiorm\idiorm.php(237): ORM::_setup_db('default') #2 C:\Users\ntdst\Projects\Netdust\CMS_03-2015_admin-dev\build\system\api\Routes\Admin.php(111): ORM::for_table('groups') #3 [internal function]: {closure}() #4 C:\Users\ntdst\Projects\Netdust\CMS_03-2015_admin-dev\build\system\api\App.php(50): call_user_func_array(Object(Closure), Array) #5 [internal function]: API\App->API\{closure}() #6 C:\Users\ntdst\Projects\Netdust\CMS_03-2015_admin-dev\build\system\vendor\slim\slim\Slim\Route.php(468): call_user_func_array(Object(Closure), Array) #7 C:\Users\ntdst\Projects\Netdust\CMS_03-2015_admin-dev\build\system\vendor\slim\slim\Slim\Slim.php(1357): Slim\Route->dispatch() #8 C:\Users\ntdst\Projects\Netdust\CMS_03-2015_admin-dev\build\system\vendor\slim\slim\Slim\Middleware\Flash.php(85): Slim\Slim->call() #9 C:\Users\ntdst\Projects\Netdust\CMS_03-2015_admin-dev\build\system\vendor\slim\slim\Slim\Middleware\MethodOverride.php(92): Slim\Middleware\Flash->call() #10 C:\Users\ntdst\Projects\Netdust\CMS_03-2015_admin-dev\build\system\vendor\slim\extras\Slim\Extras\Middleware\CsrfGuard.php(51): Slim\Middleware\MethodOverride->call() #11 C:\Users\ntdst\Projects\Netdust\CMS_03-2015_admin-dev\build\system\vendor\slim\slim\Slim\Middleware\PrettyExceptions.php(67): Slim\Extras\Middleware\CsrfGuard->call() #12 C:\Users\ntdst\Projects\Netdust\CMS_03-2015_admin-dev\build\system\vendor\slim\slim\Slim\Slim.php(1302): Slim\Middleware\PrettyExceptions->call() #13 C:\Users\ntdst\Projects\Netdust\CMS_03-2015_admin-dev\build\index.php(87): Slim\Slim->run() #14 {main} [] []
[2015-03-15 22:26:45] SlimMonoLogger.ERROR: SQLSTATE[HY000] [1044] Access denied for user ''@'localhost' to database 'default' [] []
[2015-03-15 22:26:45] SlimMonoLogger.ERROR: exception 'PDOException' with message 'SQLSTATE[HY000] [1044] Access denied for user ''@'localhost' to database 'default'' in C:\Users\ntdst\Projects\Netdust\CMS_03-2015_admin-dev\build\system\vendor\j4mie\idiorm\idiorm.php:255 Stack trace: #0 C:\Users\ntdst\Projects\Netdust\CMS_03-2015_admin-dev\build\system\vendor\j4mie\idiorm\idiorm.php(255): PDO->__construct('mysql:dbname=de...', NULL, NULL, Array) #1 C:\Users\ntdst\Projects\Netdust\CMS_03-2015_admin-dev\build\system\vendor\j4mie\idiorm\idiorm.php(237): ORM::_setup_db('default') #2 C:\Users\ntdst\Projects\Netdust\CMS_03-2015_admin-dev\build\system\api\Routes\Admin.php(111): ORM::for_table('groups') #3 [internal function]: {closure}() #4 C:\Users\ntdst\Projects\Netdust\CMS_03-2015_admin-dev\build\system\api\App.php(50): call_user_func_array(Object(Closure), Array) #5 [internal function]: API\App->API\{closure}() #6 C:\Users\ntdst\Projects\Netdust\CMS_03-2015_admin-dev\build\system\vendor\slim\slim\Slim\Route.php(468): call_user_func_array(Object(Closure), Array) #7 C:\Users\ntdst\Projects\Netdust\CMS_03-2015_admin-dev\build\system\vendor\slim\slim\Slim\Slim.php(1357): Slim\Route->dispatch() #8 C:\Users\ntdst\Projects\Netdust\CMS_03-2015_admin-dev\build\system\vendor\slim\slim\Slim\Middleware\Flash.php(85): Slim\Slim->call() #9 C:\Users\ntdst\Projects\Netdust\CMS_03-2015_admin-dev\build\system\vendor\slim\slim\Slim\Middleware\MethodOverride.php(92): Slim\Middleware\Flash->call() #10 C:\Users\ntdst\Projects\Netdust\CMS_03-2015_admin-dev\build\system\vendor\slim\extras\Slim\Extras\Middleware\CsrfGuard.php(51): Slim\Middleware\MethodOverride->call() #11 C:\Users\ntdst\Projects\Netdust\CMS_03-2015_admin-dev\build\system\vendor\slim\slim\Slim\Middleware\PrettyExceptions.php(67): Slim\Extras\Middleware\CsrfGuard->call() #12 C:\Users\ntdst\Projects\Netdust\CMS_03-2015_admin-dev\build\system\vendor\slim\slim\Slim\Slim.php(1302): Slim\Middleware\PrettyExceptions->call() #13 C:\Users\ntdst\Projects\Netdust\CMS_03-2015_admin-dev\build\index.php(87): Slim\Slim->run() #14 {main} [] []
[2015-03-15 22:27:08] SlimMonoLogger.ERROR: SQLSTATE[HY000] [1044] Access denied for user ''@'localhost' to database 'default' [] []
[2015-03-15 22:27:08] SlimMonoLogger.ERROR: exception 'PDOException' with message 'SQLSTATE[HY000] [1044] Access denied for user ''@'localhost' to database 'default'' in C:\Users\ntdst\Projects\Netdust\CMS_03-2015_admin-dev\build\system\vendor\j4mie\idiorm\idiorm.php:255 Stack trace: #0 C:\Users\ntdst\Projects\Netdust\CMS_03-2015_admin-dev\build\system\vendor\j4mie\idiorm\idiorm.php(255): PDO->__construct('mysql:dbname=de...', NULL, NULL, Array) #1 C:\Users\ntdst\Projects\Netdust\CMS_03-2015_admin-dev\build\system\vendor\j4mie\idiorm\idiorm.php(237): ORM::_setup_db('default') #2 C:\Users\ntdst\Projects\Netdust\CMS_03-2015_admin-dev\build\system\api\Routes\Admin.php(111): ORM::for_table('groups') #3 [internal function]: {closure}() #4 C:\Users\ntdst\Projects\Netdust\CMS_03-2015_admin-dev\build\system\api\App.php(50): call_user_func_array(Object(Closure), Array) #5 [internal function]: API\App->API\{closure}() #6 C:\Users\ntdst\Projects\Netdust\CMS_03-2015_admin-dev\build\system\vendor\slim\slim\Slim\Route.php(468): call_user_func_array(Object(Closure), Array) #7 C:\Users\ntdst\Projects\Netdust\CMS_03-2015_admin-dev\build\system\vendor\slim\slim\Slim\Slim.php(1357): Slim\Route->dispatch() #8 C:\Users\ntdst\Projects\Netdust\CMS_03-2015_admin-dev\build\system\vendor\slim\slim\Slim\Middleware\Flash.php(85): Slim\Slim->call() #9 C:\Users\ntdst\Projects\Netdust\CMS_03-2015_admin-dev\build\system\vendor\slim\slim\Slim\Middleware\MethodOverride.php(92): Slim\Middleware\Flash->call() #10 C:\Users\ntdst\Projects\Netdust\CMS_03-2015_admin-dev\build\system\vendor\slim\extras\Slim\Extras\Middleware\CsrfGuard.php(51): Slim\Middleware\MethodOverride->call() #11 C:\Users\ntdst\Projects\Netdust\CMS_03-2015_admin-dev\build\system\vendor\slim\slim\Slim\Middleware\PrettyExceptions.php(67): Slim\Extras\Middleware\CsrfGuard->call() #12 C:\Users\ntdst\Projects\Netdust\CMS_03-2015_admin-dev\build\system\vendor\slim\slim\Slim\Slim.php(1302): Slim\Middleware\PrettyExceptions->call() #13 C:\Users\ntdst\Projects\Netdust\CMS_03-2015_admin-dev\build\index.php(87): Slim\Slim->run() #14 {main} [] []
[2015-03-15 22:27:21] SlimMonoLogger.ERROR: SQLSTATE[HY000] [1044] Access denied for user ''@'localhost' to database 'default' [] []
[2015-03-15 22:27:21] SlimMonoLogger.ERROR: exception 'PDOException' with message 'SQLSTATE[HY000] [1044] Access denied for user ''@'localhost' to database 'default'' in C:\Users\ntdst\Projects\Netdust\CMS_03-2015_admin-dev\build\system\vendor\j4mie\idiorm\idiorm.php:255 Stack trace: #0 C:\Users\ntdst\Projects\Netdust\CMS_03-2015_admin-dev\build\system\vendor\j4mie\idiorm\idiorm.php(255): PDO->__construct('mysql:dbname=de...', NULL, NULL, Array) #1 C:\Users\ntdst\Projects\Netdust\CMS_03-2015_admin-dev\build\system\vendor\j4mie\idiorm\idiorm.php(237): ORM::_setup_db('default') #2 C:\Users\ntdst\Projects\Netdust\CMS_03-2015_admin-dev\build\system\api\Routes\Admin.php(111): ORM::for_table('groups') #3 [internal function]: {closure}() #4 C:\Users\ntdst\Projects\Netdust\CMS_03-2015_admin-dev\build\system\api\App.php(50): call_user_func_array(Object(Closure), Array) #5 [internal function]: API\App->API\{closure}() #6 C:\Users\ntdst\Projects\Netdust\CMS_03-2015_admin-dev\build\system\vendor\slim\slim\Slim\Route.php(468): call_user_func_array(Object(Closure), Array) #7 C:\Users\ntdst\Projects\Netdust\CMS_03-2015_admin-dev\build\system\vendor\slim\slim\Slim\Slim.php(1357): Slim\Route->dispatch() #8 C:\Users\ntdst\Projects\Netdust\CMS_03-2015_admin-dev\build\system\vendor\slim\slim\Slim\Middleware\Flash.php(85): Slim\Slim->call() #9 C:\Users\ntdst\Projects\Netdust\CMS_03-2015_admin-dev\build\system\vendor\slim\slim\Slim\Middleware\MethodOverride.php(92): Slim\Middleware\Flash->call() #10 C:\Users\ntdst\Projects\Netdust\CMS_03-2015_admin-dev\build\system\vendor\slim\extras\Slim\Extras\Middleware\CsrfGuard.php(51): Slim\Middleware\MethodOverride->call() #11 C:\Users\ntdst\Projects\Netdust\CMS_03-2015_admin-dev\build\system\vendor\slim\slim\Slim\Middleware\PrettyExceptions.php(67): Slim\Extras\Middleware\CsrfGuard->call() #12 C:\Users\ntdst\Projects\Netdust\CMS_03-2015_admin-dev\build\system\vendor\slim\slim\Slim\Slim.php(1302): Slim\Middleware\PrettyExceptions->call() #13 C:\Users\ntdst\Projects\Netdust\CMS_03-2015_admin-dev\build\index.php(87): Slim\Slim->run() #14 {main} [] []
[2015-03-15 22:28:33] SlimMonoLogger.ERROR: SQLSTATE[HY000] [1044] Access denied for user ''@'localhost' to database 'default' [] []
[2015-03-15 22:28:33] SlimMonoLogger.ERROR: exception 'PDOException' with message 'SQLSTATE[HY000] [1044] Access denied for user ''@'localhost' to database 'default'' in C:\Users\ntdst\Projects\Netdust\CMS_03-2015_admin-dev\build\system\vendor\j4mie\idiorm\idiorm.php:255 Stack trace: #0 C:\Users\ntdst\Projects\Netdust\CMS_03-2015_admin-dev\build\system\vendor\j4mie\idiorm\idiorm.php(255): PDO->__construct('mysql:dbname=de...', NULL, NULL, NULL) #1 C:\Users\ntdst\Projects\Netdust\CMS_03-2015_admin-dev\build\system\vendor\j4mie\idiorm\idiorm.php(237): ORM::_setup_db('default') #2 C:\Users\ntdst\Projects\Netdust\CMS_03-2015_admin-dev\build\system\api\Routes\Admin.php(111): ORM::for_table('groups') #3 [internal function]: {closure}() #4 C:\Users\ntdst\Projects\Netdust\CMS_03-2015_admin-dev\build\system\api\App.php(50): call_user_func_array(Object(Closure), Array) #5 [internal function]: API\App->API\{closure}() #6 C:\Users\ntdst\Projects\Netdust\CMS_03-2015_admin-dev\build\system\vendor\slim\slim\Slim\Route.php(468): call_user_func_array(Object(Closure), Array) #7 C:\Users\ntdst\Projects\Netdust\CMS_03-2015_admin-dev\build\system\vendor\slim\slim\Slim\Slim.php(1357): Slim\Route->dispatch() #8 C:\Users\ntdst\Projects\Netdust\CMS_03-2015_admin-dev\build\system\vendor\slim\slim\Slim\Middleware\Flash.php(85): Slim\Slim->call() #9 C:\Users\ntdst\Projects\Netdust\CMS_03-2015_admin-dev\build\system\vendor\slim\slim\Slim\Middleware\MethodOverride.php(92): Slim\Middleware\Flash->call() #10 C:\Users\ntdst\Projects\Netdust\CMS_03-2015_admin-dev\build\system\vendor\slim\extras\Slim\Extras\Middleware\CsrfGuard.php(51): Slim\Middleware\MethodOverride->call() #11 C:\Users\ntdst\Projects\Netdust\CMS_03-2015_admin-dev\build\system\vendor\slim\slim\Slim\Middleware\PrettyExceptions.php(67): Slim\Extras\Middleware\CsrfGuard->call() #12 C:\Users\ntdst\Projects\Netdust\CMS_03-2015_admin-dev\build\system\vendor\slim\slim\Slim\Slim.php(1302): Slim\Middleware\PrettyExceptions->call() #13 C:\Users\ntdst\Projects\Netdust\CMS_03-2015_admin-dev\build\index.php(87): Slim\Slim->run() #14 {main} [] []
[2015-03-15 22:43:57] SlimMonoLogger.ERROR: exception 'PDOException' with message 'SQLSTATE[42S02]: Base table or view not found: 1146 Table 'default.groups' doesn't exist' in C:\Users\ntdst\Projects\Netdust\CMS_03-2015_admin-dev\build\system\vendor\j4mie\idiorm\idiorm.php:429 Stack trace: #0 C:\Users\ntdst\Projects\Netdust\CMS_03-2015_admin-dev\build\system\vendor\j4mie\idiorm\idiorm.php(429): PDOStatement->execute() #1 C:\Users\ntdst\Projects\Netdust\CMS_03-2015_admin-dev\build\system\vendor\j4mie\idiorm\idiorm.php(1828): ORM::_execute('SELECT * FROM `...', Array, 'default') #2 C:\Users\ntdst\Projects\Netdust\CMS_03-2015_admin-dev\build\system\vendor\j4mie\idiorm\idiorm.php(659): ORM->_run() #3 C:\Users\ntdst\Projects\Netdust\CMS_03-2015_admin-dev\build\system\api\Routes\Admin.php(111): ORM->find_array() #4 [internal function]: {closure}() #5 C:\Users\ntdst\Projects\Netdust\CMS_03-2015_admin-dev\build\system\api\App.php(50): call_user_func_array(Object(Closure), Array) #6 [internal function]: API\App->API\{closure}() #7 C:\Users\ntdst\Projects\Netdust\CMS_03-2015_admin-dev\build\system\vendor\slim\slim\Slim\Route.php(468): call_user_func_array(Object(Closure), Array) #8 C:\Users\ntdst\Projects\Netdust\CMS_03-2015_admin-dev\build\system\vendor\slim\slim\Slim\Slim.php(1357): Slim\Route->dispatch() #9 C:\Users\ntdst\Projects\Netdust\CMS_03-2015_admin-dev\build\system\vendor\slim\slim\Slim\Middleware\Flash.php(85): Slim\Slim->call() #10 C:\Users\ntdst\Projects\Netdust\CMS_03-2015_admin-dev\build\system\vendor\slim\slim\Slim\Middleware\MethodOverride.php(92): Slim\Middleware\Flash->call() #11 C:\Users\ntdst\Projects\Netdust\CMS_03-2015_admin-dev\build\system\vendor\slim\extras\Slim\Extras\Middleware\CsrfGuard.php(51): Slim\Middleware\MethodOverride->call() #12 C:\Users\ntdst\Projects\Netdust\CMS_03-2015_admin-dev\build\system\vendor\slim\slim\Slim\Middleware\PrettyExceptions.php(67): Slim\Extras\Middleware\CsrfGuard->call() #13 C:\Users\ntdst\Projects\Netdust\CMS_03-2015_admin-dev\build\system\vendor\slim\slim\Slim\Slim.php(1302): Slim\Middleware\PrettyExceptions->call() #14 C:\Users\ntdst\Projects\Netdust\CMS_03-2015_admin-dev\build\index.php(87): Slim\Slim->run() #15 {main} [] []
[2015-03-15 22:46:53] SlimMonoLogger.ERROR: exception 'Twig_Error_Syntax' with message 'Unknown tag name "endblock" in "Authentication/CreateUser.php" at line 61' in C:\Users\ntdst\Projects\Netdust\CMS_03-2015_admin-dev\build\system\vendor\twig\twig\lib\Twig\Parser.php:182 Stack trace: #0 C:\Users\ntdst\Projects\Netdust\CMS_03-2015_admin-dev\build\system\vendor\twig\twig\lib\Twig\Parser.php(95): Twig_Parser->subparse(NULL, false) #1 C:\Users\ntdst\Projects\Netdust\CMS_03-2015_admin-dev\build\system\vendor\twig\twig\lib\Twig\Environment.php(543): Twig_Parser->parse(Object(Twig_TokenStream)) #2 C:\Users\ntdst\Projects\Netdust\CMS_03-2015_admin-dev\build\system\vendor\twig\twig\lib\Twig\Environment.php(595): Twig_Environment->parse(Object(Twig_TokenStream)) #3 C:\Users\ntdst\Projects\Netdust\CMS_03-2015_admin-dev\build\system\vendor\twig\twig\lib\Twig\Environment.php(335): Twig_Environment->compileSource('<!DOCTYPE html>...', 'Authentication/...') #4 C:\Users\ntdst\Projects\Netdust\CMS_03-2015_admin-dev\build\system\vendor\slim\views\Twig.php(87): Twig_Environment->loadTemplate('Authentication/...') #5 C:\Users\ntdst\Projects\Netdust\CMS_03-2015_admin-dev\build\system\vendor\slim\slim\Slim\View.php(255): Slim\Views\Twig->render('Authentication/...', NULL) #6 C:\Users\ntdst\Projects\Netdust\CMS_03-2015_admin-dev\build\system\vendor\slim\slim\Slim\View.php(243): Slim\View->fetch('Authentication/...', NULL) #7 C:\Users\ntdst\Projects\Netdust\CMS_03-2015_admin-dev\build\system\vendor\slim\slim\Slim\Slim.php(757): Slim\View->display('Authentication/...') #8 C:\Users\ntdst\Projects\Netdust\CMS_03-2015_admin-dev\build\system\api\Routes\Admin.php(133): Slim\Slim->render('Authentication/...', Array) #9 [internal function]: {closure}() #10 C:\Users\ntdst\Projects\Netdust\CMS_03-2015_admin-dev\build\system\api\App.php(50): call_user_func_array(Object(Closure), Array) #11 [internal function]: API\App->API\{closure}() #12 C:\Users\ntdst\Projects\Netdust\CMS_03-2015_admin-dev\build\system\vendor\slim\slim\Slim\Route.php(468): call_user_func_array(Object(Closure), Array) #13 C:\Users\ntdst\Projects\Netdust\CMS_03-2015_admin-dev\build\system\vendor\slim\slim\Slim\Slim.php(1357): Slim\Route->dispatch() #14 C:\Users\ntdst\Projects\Netdust\CMS_03-2015_admin-dev\build\system\vendor\slim\slim\Slim\Middleware\Flash.php(85): Slim\Slim->call() #15 C:\Users\ntdst\Projects\Netdust\CMS_03-2015_admin-dev\build\system\vendor\slim\slim\Slim\Middleware\MethodOverride.php(92): Slim\Middleware\Flash->call() #16 C:\Users\ntdst\Projects\Netdust\CMS_03-2015_admin-dev\build\system\vendor\slim\extras\Slim\Extras\Middleware\CsrfGuard.php(51): Slim\Middleware\MethodOverride->call() #17 C:\Users\ntdst\Projects\Netdust\CMS_03-2015_admin-dev\build\system\vendor\slim\slim\Slim\Middleware\PrettyExceptions.php(67): Slim\Extras\Middleware\CsrfGuard->call() #18 C:\Users\ntdst\Projects\Netdust\CMS_03-2015_admin-dev\build\system\vendor\slim\slim\Slim\Slim.php(1302): Slim\Middleware\PrettyExceptions->call() #19 C:\Users\ntdst\Projects\Netdust\CMS_03-2015_admin-dev\build\index.php(87): Slim\Slim->run() #20 {main} [] []
