ERROR - 2015-12-09T11:03:00+01:00 - exception 'ErrorException' with message 'Trying to get property of non-object' in C:\Users\ntdst\Projects\Netdust\CMS_03-2015_admin-dev\build\system\api\Includes\templates.php:7
Stack trace:
#0 C:\Users\ntdst\Projects\Netdust\CMS_03-2015_admin-dev\build\system\api\Includes\templates.php(7): Slim\Slim::handleErrors(8, 'Trying to get p...', 'C:\\Users\\ntdst\\...', 7, Array)
#1 C:\Users\ntdst\Projects\Netdust\CMS_03-2015_admin-dev\build\index.php(20): locate_template()
#2 [internal function]: {closure}(Array)
#3 C:\Users\ntdst\Projects\Netdust\CMS_03-2015_admin-dev\build\system\api\App.php(48): call_user_func_array(Object(Closure), Array)
#4 [internal function]: api\App->api\{closure}(Array)
#5 C:\Users\ntdst\Projects\Netdust\CMS_03-2015_admin-dev\build\system\vendor\slim\slim\Slim\Route.php(468): call_user_func_array(Object(Closure), Array)
#6 C:\Users\ntdst\Projects\Netdust\CMS_03-2015_admin-dev\build\system\vendor\slim\slim\Slim\Slim.php(1357): Slim\Route->dispatch()
#7 C:\Users\ntdst\Projects\Netdust\CMS_03-2015_admin-dev\build\system\vendor\slim\slim\Slim\Middleware\Flash.php(85): Slim\Slim->call()
#8 C:\Users\ntdst\Projects\Netdust\CMS_03-2015_admin-dev\build\system\vendor\slim\slim\Slim\Middleware\MethodOverride.php(92): Slim\Middleware\Flash->call()
#9 C:\Users\ntdst\Projects\Netdust\CMS_03-2015_admin-dev\build\public\plugins\analytics\Plugin.php(38): Slim\Middleware\MethodOverride->call()
#10 C:\Users\ntdst\Projects\Netdust\CMS_03-2015_admin-dev\build\public\plugins\canonical\Plugin.php(51): plugins\analytics\Plugin->call()
#11 C:\Users\ntdst\Projects\Netdust\CMS_03-2015_admin-dev\build\public\plugins\social\Plugin.php(84): plugins\canonical\Plugin->call()
#12 C:\Users\ntdst\Projects\Netdust\CMS_03-2015_admin-dev\build\public\plugins\youtube\Plugin.php(36): plugins\social\Plugin->call()
#13 C:\Users\ntdst\Projects\Netdust\CMS_03-2015_admin-dev\build\public\plugins\picturefill\Plugin.php(37): plugins\youtube\Plugin->call()
#14 C:\Users\ntdst\Projects\Netdust\CMS_03-2015_admin-dev\build\system\api\Middleware\CsrfGuard.php(58): plugins\picturefill\Plugin->call()
#15 C:\Users\ntdst\Projects\Netdust\CMS_03-2015_admin-dev\build\system\api\Middleware\I18n.php(265): api\Middleware\CsrfGuard->call()
#16 C:\Users\ntdst\Projects\Netdust\CMS_03-2015_admin-dev\build\system\vendor\slim\slim\Slim\Middleware\PrettyExceptions.php(67): api\Middleware\I18n->call()
#17 C:\Users\ntdst\Projects\Netdust\CMS_03-2015_admin-dev\build\system\vendor\slim\slim\Slim\Slim.php(1302): Slim\Middleware\PrettyExceptions->call()
#18 C:\Users\ntdst\Projects\Netdust\CMS_03-2015_admin-dev\build\index.php(24): Slim\Slim->run()
#19 {main}
ERROR - 2015-12-09T11:03:00+01:00 - exception 'ErrorException' with message 'Trying to get property of non-object' in C:\Users\ntdst\Projects\Netdust\CMS_03-2015_admin-dev\build\system\api\Includes\templates.php:7
Stack trace:
#0 C:\Users\ntdst\Projects\Netdust\CMS_03-2015_admin-dev\build\system\api\Includes\templates.php(7): Slim\Slim::handleErrors(8, 'Trying to get p...', 'C:\\Users\\ntdst\\...', 7, Array)
#1 C:\Users\ntdst\Projects\Netdust\CMS_03-2015_admin-dev\build\index.php(20): locate_template()
#2 [internal function]: {closure}(Array)
#3 C:\Users\ntdst\Projects\Netdust\CMS_03-2015_admin-dev\build\system\api\App.php(48): call_user_func_array(Object(Closure), Array)
#4 [internal function]: api\App->api\{closure}(Array)
#5 C:\Users\ntdst\Projects\Netdust\CMS_03-2015_admin-dev\build\system\vendor\slim\slim\Slim\Route.php(468): call_user_func_array(Object(Closure), Array)
#6 C:\Users\ntdst\Projects\Netdust\CMS_03-2015_admin-dev\build\system\vendor\slim\slim\Slim\Slim.php(1357): Slim\Route->dispatch()
#7 C:\Users\ntdst\Projects\Netdust\CMS_03-2015_admin-dev\build\system\vendor\slim\slim\Slim\Middleware\Flash.php(85): Slim\Slim->call()
#8 C:\Users\ntdst\Projects\Netdust\CMS_03-2015_admin-dev\build\system\vendor\slim\slim\Slim\Middleware\MethodOverride.php(92): Slim\Middleware\Flash->call()
#9 C:\Users\ntdst\Projects\Netdust\CMS_03-2015_admin-dev\build\public\plugins\analytics\Plugin.php(38): Slim\Middleware\MethodOverride->call()
#10 C:\Users\ntdst\Projects\Netdust\CMS_03-2015_admin-dev\build\public\plugins\canonical\Plugin.php(51): plugins\analytics\Plugin->call()
#11 C:\Users\ntdst\Projects\Netdust\CMS_03-2015_admin-dev\build\public\plugins\social\Plugin.php(84): plugins\canonical\Plugin->call()
#12 C:\Users\ntdst\Projects\Netdust\CMS_03-2015_admin-dev\build\public\plugins\youtube\Plugin.php(36): plugins\social\Plugin->call()
#13 C:\Users\ntdst\Projects\Netdust\CMS_03-2015_admin-dev\build\public\plugins\picturefill\Plugin.php(37): plugins\youtube\Plugin->call()
#14 C:\Users\ntdst\Projects\Netdust\CMS_03-2015_admin-dev\build\system\api\Middleware\CsrfGuard.php(58): plugins\picturefill\Plugin->call()
#15 C:\Users\ntdst\Projects\Netdust\CMS_03-2015_admin-dev\build\system\api\Middleware\I18n.php(265): api\Middleware\CsrfGuard->call()
#16 C:\Users\ntdst\Projects\Netdust\CMS_03-2015_admin-dev\build\system\vendor\slim\slim\Slim\Middleware\PrettyExceptions.php(67): api\Middleware\I18n->call()
#17 C:\Users\ntdst\Projects\Netdust\CMS_03-2015_admin-dev\build\system\vendor\slim\slim\Slim\Slim.php(1302): Slim\Middleware\PrettyExceptions->call()
#18 C:\Users\ntdst\Projects\Netdust\CMS_03-2015_admin-dev\build\index.php(24): Slim\Slim->run()
#19 {main}
ERROR - 2015-12-09T11:03:01+01:00 - exception 'ErrorException' with message 'Trying to get property of non-object' in C:\Users\ntdst\Projects\Netdust\CMS_03-2015_admin-dev\build\system\api\Includes\templates.php:7
Stack trace:
#0 C:\Users\ntdst\Projects\Netdust\CMS_03-2015_admin-dev\build\system\api\Includes\templates.php(7): Slim\Slim::handleErrors(8, 'Trying to get p...', 'C:\\Users\\ntdst\\...', 7, Array)
#1 C:\Users\ntdst\Projects\Netdust\CMS_03-2015_admin-dev\build\index.php(20): locate_template()
#2 [internal function]: {closure}(Array)
#3 C:\Users\ntdst\Projects\Netdust\CMS_03-2015_admin-dev\build\system\api\App.php(48): call_user_func_array(Object(Closure), Array)
#4 [internal function]: api\App->api\{closure}(Array)
#5 C:\Users\ntdst\Projects\Netdust\CMS_03-2015_admin-dev\build\system\vendor\slim\slim\Slim\Route.php(468): call_user_func_array(Object(Closure), Array)
#6 C:\Users\ntdst\Projects\Netdust\CMS_03-2015_admin-dev\build\system\vendor\slim\slim\Slim\Slim.php(1357): Slim\Route->dispatch()
#7 C:\Users\ntdst\Projects\Netdust\CMS_03-2015_admin-dev\build\system\vendor\slim\slim\Slim\Middleware\Flash.php(85): Slim\Slim->call()
#8 C:\Users\ntdst\Projects\Netdust\CMS_03-2015_admin-dev\build\system\vendor\slim\slim\Slim\Middleware\MethodOverride.php(92): Slim\Middleware\Flash->call()
#9 C:\Users\ntdst\Projects\Netdust\CMS_03-2015_admin-dev\build\public\plugins\analytics\Plugin.php(38): Slim\Middleware\MethodOverride->call()
#10 C:\Users\ntdst\Projects\Netdust\CMS_03-2015_admin-dev\build\public\plugins\canonical\Plugin.php(51): plugins\analytics\Plugin->call()
#11 C:\Users\ntdst\Projects\Netdust\CMS_03-2015_admin-dev\build\public\plugins\social\Plugin.php(84): plugins\canonical\Plugin->call()
#12 C:\Users\ntdst\Projects\Netdust\CMS_03-2015_admin-dev\build\public\plugins\youtube\Plugin.php(36): plugins\social\Plugin->call()
#13 C:\Users\ntdst\Projects\Netdust\CMS_03-2015_admin-dev\build\public\plugins\picturefill\Plugin.php(37): plugins\youtube\Plugin->call()
#14 C:\Users\ntdst\Projects\Netdust\CMS_03-2015_admin-dev\build\system\api\Middleware\CsrfGuard.php(58): plugins\picturefill\Plugin->call()
#15 C:\Users\ntdst\Projects\Netdust\CMS_03-2015_admin-dev\build\system\api\Middleware\I18n.php(265): api\Middleware\CsrfGuard->call()
#16 C:\Users\ntdst\Projects\Netdust\CMS_03-2015_admin-dev\build\system\vendor\slim\slim\Slim\Middleware\PrettyExceptions.php(67): api\Middleware\I18n->call()
#17 C:\Users\ntdst\Projects\Netdust\CMS_03-2015_admin-dev\build\system\vendor\slim\slim\Slim\Slim.php(1302): Slim\Middleware\PrettyExceptions->call()
#18 C:\Users\ntdst\Projects\Netdust\CMS_03-2015_admin-dev\build\index.php(24): Slim\Slim->run()
#19 {main}
