ERROR - 2015-12-17T14:22:52+01:00 - exception 'Twig_Error_Syntax' with message 'Unexpected "}" in "index.php" at line 29' in C:\Users\ntdst\Projects\Netdust\CMS_03-2015_admin-dev\build\system\vendor\twig\twig\lib\Twig\Lexer.php:259
Stack trace:
#0 C:\Users\ntdst\Projects\Netdust\CMS_03-2015_admin-dev\build\system\vendor\twig\twig\lib\Twig\Lexer.php(216): Twig_Lexer->lexExpression()
#1 C:\Users\ntdst\Projects\Netdust\CMS_03-2015_admin-dev\build\system\vendor\twig\twig\lib\Twig\Lexer.php(115): Twig_Lexer->lexVar()
#2 C:\Users\ntdst\Projects\Netdust\CMS_03-2015_admin-dev\build\system\vendor\twig\twig\lib\Twig\Environment.php(505): Twig_Lexer->tokenize('<!DOCTYPE html>...', 'index.php')
#3 C:\Users\ntdst\Projects\Netdust\CMS_03-2015_admin-dev\build\system\vendor\twig\twig\lib\Twig\Environment.php(595): Twig_Environment->tokenize('<!DOCTYPE html>...', 'index.php')
#4 C:\Users\ntdst\Projects\Netdust\CMS_03-2015_admin-dev\build\system\vendor\twig\twig\lib\Twig\Environment.php(335): Twig_Environment->compileSource('<!DOCTYPE html>...', 'index.php')
#5 C:\Users\ntdst\Projects\Netdust\CMS_03-2015_admin-dev\build\system\vendor\slim\views\Twig.php(87): Twig_Environment->loadTemplate('index.php')
#6 C:\Users\ntdst\Projects\Netdust\CMS_03-2015_admin-dev\build\system\vendor\slim\slim\Slim\View.php(255): Slim\Views\Twig->render('index.php', NULL)
#7 C:\Users\ntdst\Projects\Netdust\CMS_03-2015_admin-dev\build\system\vendor\slim\slim\Slim\View.php(243): Slim\View->fetch('index.php', NULL)
#8 C:\Users\ntdst\Projects\Netdust\CMS_03-2015_admin-dev\build\system\vendor\slim\slim\Slim\Slim.php(757): Slim\View->display('index.php')
#9 C:\Users\ntdst\Projects\Netdust\CMS_03-2015_admin-dev\build\system\api\Routes\Admin.php(112): Slim\Slim->render('index.php', Array)
#10 [internal function]: {closure}()
#11 C:\Users\ntdst\Projects\Netdust\CMS_03-2015_admin-dev\build\system\api\App.php(48): call_user_func_array(Object(Closure), Array)
#12 [internal function]: api\App->api\{closure}()
#13 C:\Users\ntdst\Projects\Netdust\CMS_03-2015_admin-dev\build\system\vendor\slim\slim\Slim\Route.php(468): call_user_func_array(Object(Closure), Array)
#14 C:\Users\ntdst\Projects\Netdust\CMS_03-2015_admin-dev\build\system\vendor\slim\slim\Slim\Slim.php(1357): Slim\Route->dispatch()
#15 C:\Users\ntdst\Projects\Netdust\CMS_03-2015_admin-dev\build\system\vendor\slim\slim\Slim\Middleware\Flash.php(85): Slim\Slim->call()
#16 C:\Users\ntdst\Projects\Netdust\CMS_03-2015_admin-dev\build\system\vendor\slim\slim\Slim\Middleware\MethodOverride.php(92): Slim\Middleware\Flash->call()
#17 C:\Users\ntdst\Projects\Netdust\CMS_03-2015_admin-dev\build\public\plugins\forms\Plugin.php(38): Slim\Middleware\MethodOverride->call()
#18 C:\Users\ntdst\Projects\Netdust\CMS_03-2015_admin-dev\build\public\plugins\analytics\Plugin.php(38): plugins\forms\Plugin->call()
#19 C:\Users\ntdst\Projects\Netdust\CMS_03-2015_admin-dev\build\public\plugins\canonical\Plugin.php(51): plugins\analytics\Plugin->call()
#20 C:\Users\ntdst\Projects\Netdust\CMS_03-2015_admin-dev\build\public\plugins\social\Plugin.php(84): plugins\canonical\Plugin->call()
#21 C:\Users\ntdst\Projects\Netdust\CMS_03-2015_admin-dev\build\public\plugins\picturefill\Plugin.php(37): plugins\social\Plugin->call()
#22 C:\Users\ntdst\Projects\Netdust\CMS_03-2015_admin-dev\build\system\api\Middleware\CsrfGuard.php(58): plugins\picturefill\Plugin->call()
#23 C:\Users\ntdst\Projects\Netdust\CMS_03-2015_admin-dev\build\system\api\Middleware\I18n.php(265): api\Middleware\CsrfGuard->call()
#24 C:\Users\ntdst\Projects\Netdust\CMS_03-2015_admin-dev\build\system\vendor\slim\slim\Slim\Middleware\PrettyExceptions.php(67): api\Middleware\I18n->call()
#25 C:\Users\ntdst\Projects\Netdust\CMS_03-2015_admin-dev\build\system\vendor\slim\slim\Slim\Slim.php(1302): Slim\Middleware\PrettyExceptions->call()
#26 C:\Users\ntdst\Projects\Netdust\CMS_03-2015_admin-dev\build\index.php(24): Slim\Slim->run()
#27 {main}
ERROR - 2015-12-17T14:23:05+01:00 - exception 'Twig_Error_Syntax' with message 'Unexpected "}" in "index.php" at line 29' in C:\Users\ntdst\Projects\Netdust\CMS_03-2015_admin-dev\build\system\vendor\twig\twig\lib\Twig\Lexer.php:259
Stack trace:
#0 C:\Users\ntdst\Projects\Netdust\CMS_03-2015_admin-dev\build\system\vendor\twig\twig\lib\Twig\Lexer.php(216): Twig_Lexer->lexExpression()
#1 C:\Users\ntdst\Projects\Netdust\CMS_03-2015_admin-dev\build\system\vendor\twig\twig\lib\Twig\Lexer.php(115): Twig_Lexer->lexVar()
#2 C:\Users\ntdst\Projects\Netdust\CMS_03-2015_admin-dev\build\system\vendor\twig\twig\lib\Twig\Environment.php(505): Twig_Lexer->tokenize('<!DOCTYPE html>...', 'index.php')
#3 C:\Users\ntdst\Projects\Netdust\CMS_03-2015_admin-dev\build\system\vendor\twig\twig\lib\Twig\Environment.php(595): Twig_Environment->tokenize('<!DOCTYPE html>...', 'index.php')
#4 C:\Users\ntdst\Projects\Netdust\CMS_03-2015_admin-dev\build\system\vendor\twig\twig\lib\Twig\Environment.php(335): Twig_Environment->compileSource('<!DOCTYPE html>...', 'index.php')
#5 C:\Users\ntdst\Projects\Netdust\CMS_03-2015_admin-dev\build\system\vendor\slim\views\Twig.php(87): Twig_Environment->loadTemplate('index.php')
#6 C:\Users\ntdst\Projects\Netdust\CMS_03-2015_admin-dev\build\system\vendor\slim\slim\Slim\View.php(255): Slim\Views\Twig->render('index.php', NULL)
#7 C:\Users\ntdst\Projects\Netdust\CMS_03-2015_admin-dev\build\system\vendor\slim\slim\Slim\View.php(243): Slim\View->fetch('index.php', NULL)
#8 C:\Users\ntdst\Projects\Netdust\CMS_03-2015_admin-dev\build\system\vendor\slim\slim\Slim\Slim.php(757): Slim\View->display('index.php')
#9 C:\Users\ntdst\Projects\Netdust\CMS_03-2015_admin-dev\build\system\api\Routes\Admin.php(112): Slim\Slim->render('index.php', Array)
#10 [internal function]: {closure}()
#11 C:\Users\ntdst\Projects\Netdust\CMS_03-2015_admin-dev\build\system\api\App.php(48): call_user_func_array(Object(Closure), Array)
#12 [internal function]: api\App->api\{closure}()
#13 C:\Users\ntdst\Projects\Netdust\CMS_03-2015_admin-dev\build\system\vendor\slim\slim\Slim\Route.php(468): call_user_func_array(Object(Closure), Array)
#14 C:\Users\ntdst\Projects\Netdust\CMS_03-2015_admin-dev\build\system\vendor\slim\slim\Slim\Slim.php(1357): Slim\Route->dispatch()
#15 C:\Users\ntdst\Projects\Netdust\CMS_03-2015_admin-dev\build\system\vendor\slim\slim\Slim\Middleware\Flash.php(85): Slim\Slim->call()
#16 C:\Users\ntdst\Projects\Netdust\CMS_03-2015_admin-dev\build\system\vendor\slim\slim\Slim\Middleware\MethodOverride.php(92): Slim\Middleware\Flash->call()
#17 C:\Users\ntdst\Projects\Netdust\CMS_03-2015_admin-dev\build\public\plugins\forms\Plugin.php(38): Slim\Middleware\MethodOverride->call()
#18 C:\Users\ntdst\Projects\Netdust\CMS_03-2015_admin-dev\build\public\plugins\analytics\Plugin.php(38): plugins\forms\Plugin->call()
#19 C:\Users\ntdst\Projects\Netdust\CMS_03-2015_admin-dev\build\public\plugins\canonical\Plugin.php(51): plugins\analytics\Plugin->call()
#20 C:\Users\ntdst\Projects\Netdust\CMS_03-2015_admin-dev\build\public\plugins\social\Plugin.php(84): plugins\canonical\Plugin->call()
#21 C:\Users\ntdst\Projects\Netdust\CMS_03-2015_admin-dev\build\public\plugins\picturefill\Plugin.php(37): plugins\social\Plugin->call()
#22 C:\Users\ntdst\Projects\Netdust\CMS_03-2015_admin-dev\build\system\api\Middleware\CsrfGuard.php(58): plugins\picturefill\Plugin->call()
#23 C:\Users\ntdst\Projects\Netdust\CMS_03-2015_admin-dev\build\system\api\Middleware\I18n.php(265): api\Middleware\CsrfGuard->call()
#24 C:\Users\ntdst\Projects\Netdust\CMS_03-2015_admin-dev\build\system\vendor\slim\slim\Slim\Middleware\PrettyExceptions.php(67): api\Middleware\I18n->call()
#25 C:\Users\ntdst\Projects\Netdust\CMS_03-2015_admin-dev\build\system\vendor\slim\slim\Slim\Slim.php(1302): Slim\Middleware\PrettyExceptions->call()
#26 C:\Users\ntdst\Projects\Netdust\CMS_03-2015_admin-dev\build\index.php(24): Slim\Slim->run()
#27 {main}
ERROR - 2015-12-17T14:24:04+01:00 - exception 'Twig_Error_Syntax' with message 'Unexpected "}" in "index.php" at line 29' in C:\Users\ntdst\Projects\Netdust\CMS_03-2015_admin-dev\build\system\vendor\twig\twig\lib\Twig\Lexer.php:259
Stack trace:
#0 C:\Users\ntdst\Projects\Netdust\CMS_03-2015_admin-dev\build\system\vendor\twig\twig\lib\Twig\Lexer.php(216): Twig_Lexer->lexExpression()
#1 C:\Users\ntdst\Projects\Netdust\CMS_03-2015_admin-dev\build\system\vendor\twig\twig\lib\Twig\Lexer.php(115): Twig_Lexer->lexVar()
#2 C:\Users\ntdst\Projects\Netdust\CMS_03-2015_admin-dev\build\system\vendor\twig\twig\lib\Twig\Environment.php(505): Twig_Lexer->tokenize('<!DOCTYPE html>...', 'index.php')
#3 C:\Users\ntdst\Projects\Netdust\CMS_03-2015_admin-dev\build\system\vendor\twig\twig\lib\Twig\Environment.php(595): Twig_Environment->tokenize('<!DOCTYPE html>...', 'index.php')
#4 C:\Users\ntdst\Projects\Netdust\CMS_03-2015_admin-dev\build\system\vendor\twig\twig\lib\Twig\Environment.php(335): Twig_Environment->compileSource('<!DOCTYPE html>...', 'index.php')
#5 C:\Users\ntdst\Projects\Netdust\CMS_03-2015_admin-dev\build\system\vendor\slim\views\Twig.php(87): Twig_Environment->loadTemplate('index.php')
#6 C:\Users\ntdst\Projects\Netdust\CMS_03-2015_admin-dev\build\system\vendor\slim\slim\Slim\View.php(255): Slim\Views\Twig->render('index.php', NULL)
#7 C:\Users\ntdst\Projects\Netdust\CMS_03-2015_admin-dev\build\system\vendor\slim\slim\Slim\View.php(243): Slim\View->fetch('index.php', NULL)
#8 C:\Users\ntdst\Projects\Netdust\CMS_03-2015_admin-dev\build\system\vendor\slim\slim\Slim\Slim.php(757): Slim\View->display('index.php')
#9 C:\Users\ntdst\Projects\Netdust\CMS_03-2015_admin-dev\build\system\api\Routes\Admin.php(112): Slim\Slim->render('index.php', Array)
#10 [internal function]: {closure}()
#11 C:\Users\ntdst\Projects\Netdust\CMS_03-2015_admin-dev\build\system\api\App.php(48): call_user_func_array(Object(Closure), Array)
#12 [internal function]: api\App->api\{closure}()
#13 C:\Users\ntdst\Projects\Netdust\CMS_03-2015_admin-dev\build\system\vendor\slim\slim\Slim\Route.php(468): call_user_func_array(Object(Closure), Array)
#14 C:\Users\ntdst\Projects\Netdust\CMS_03-2015_admin-dev\build\system\vendor\slim\slim\Slim\Slim.php(1357): Slim\Route->dispatch()
#15 C:\Users\ntdst\Projects\Netdust\CMS_03-2015_admin-dev\build\system\vendor\slim\slim\Slim\Middleware\Flash.php(85): Slim\Slim->call()
#16 C:\Users\ntdst\Projects\Netdust\CMS_03-2015_admin-dev\build\system\vendor\slim\slim\Slim\Middleware\MethodOverride.php(92): Slim\Middleware\Flash->call()
#17 C:\Users\ntdst\Projects\Netdust\CMS_03-2015_admin-dev\build\public\plugins\forms\Plugin.php(38): Slim\Middleware\MethodOverride->call()
#18 C:\Users\ntdst\Projects\Netdust\CMS_03-2015_admin-dev\build\public\plugins\analytics\Plugin.php(38): plugins\forms\Plugin->call()
#19 C:\Users\ntdst\Projects\Netdust\CMS_03-2015_admin-dev\build\public\plugins\canonical\Plugin.php(51): plugins\analytics\Plugin->call()
#20 C:\Users\ntdst\Projects\Netdust\CMS_03-2015_admin-dev\build\public\plugins\social\Plugin.php(84): plugins\canonical\Plugin->call()
#21 C:\Users\ntdst\Projects\Netdust\CMS_03-2015_admin-dev\build\public\plugins\picturefill\Plugin.php(37): plugins\social\Plugin->call()
#22 C:\Users\ntdst\Projects\Netdust\CMS_03-2015_admin-dev\build\system\api\Middleware\CsrfGuard.php(58): plugins\picturefill\Plugin->call()
#23 C:\Users\ntdst\Projects\Netdust\CMS_03-2015_admin-dev\build\system\api\Middleware\I18n.php(265): api\Middleware\CsrfGuard->call()
#24 C:\Users\ntdst\Projects\Netdust\CMS_03-2015_admin-dev\build\system\vendor\slim\slim\Slim\Middleware\PrettyExceptions.php(67): api\Middleware\I18n->call()
#25 C:\Users\ntdst\Projects\Netdust\CMS_03-2015_admin-dev\build\system\vendor\slim\slim\Slim\Slim.php(1302): Slim\Middleware\PrettyExceptions->call()
#26 C:\Users\ntdst\Projects\Netdust\CMS_03-2015_admin-dev\build\index.php(24): Slim\Slim->run()
#27 {main}
ERROR - 2015-12-17T14:24:07+01:00 - exception 'Twig_Error_Syntax' with message 'Unexpected "}" in "index.php" at line 29' in C:\Users\ntdst\Projects\Netdust\CMS_03-2015_admin-dev\build\system\vendor\twig\twig\lib\Twig\Lexer.php:259
Stack trace:
#0 C:\Users\ntdst\Projects\Netdust\CMS_03-2015_admin-dev\build\system\vendor\twig\twig\lib\Twig\Lexer.php(216): Twig_Lexer->lexExpression()
#1 C:\Users\ntdst\Projects\Netdust\CMS_03-2015_admin-dev\build\system\vendor\twig\twig\lib\Twig\Lexer.php(115): Twig_Lexer->lexVar()
#2 C:\Users\ntdst\Projects\Netdust\CMS_03-2015_admin-dev\build\system\vendor\twig\twig\lib\Twig\Environment.php(505): Twig_Lexer->tokenize('<!DOCTYPE html>...', 'index.php')
#3 C:\Users\ntdst\Projects\Netdust\CMS_03-2015_admin-dev\build\system\vendor\twig\twig\lib\Twig\Environment.php(595): Twig_Environment->tokenize('<!DOCTYPE html>...', 'index.php')
#4 C:\Users\ntdst\Projects\Netdust\CMS_03-2015_admin-dev\build\system\vendor\twig\twig\lib\Twig\Environment.php(335): Twig_Environment->compileSource('<!DOCTYPE html>...', 'index.php')
#5 C:\Users\ntdst\Projects\Netdust\CMS_03-2015_admin-dev\build\system\vendor\slim\views\Twig.php(87): Twig_Environment->loadTemplate('index.php')
#6 C:\Users\ntdst\Projects\Netdust\CMS_03-2015_admin-dev\build\system\vendor\slim\slim\Slim\View.php(255): Slim\Views\Twig->render('index.php', NULL)
#7 C:\Users\ntdst\Projects\Netdust\CMS_03-2015_admin-dev\build\system\vendor\slim\slim\Slim\View.php(243): Slim\View->fetch('index.php', NULL)
#8 C:\Users\ntdst\Projects\Netdust\CMS_03-2015_admin-dev\build\system\vendor\slim\slim\Slim\Slim.php(757): Slim\View->display('index.php')
#9 C:\Users\ntdst\Projects\Netdust\CMS_03-2015_admin-dev\build\system\api\Routes\Admin.php(112): Slim\Slim->render('index.php', Array)
#10 [internal function]: {closure}()
#11 C:\Users\ntdst\Projects\Netdust\CMS_03-2015_admin-dev\build\system\api\App.php(48): call_user_func_array(Object(Closure), Array)
#12 [internal function]: api\App->api\{closure}()
#13 C:\Users\ntdst\Projects\Netdust\CMS_03-2015_admin-dev\build\system\vendor\slim\slim\Slim\Route.php(468): call_user_func_array(Object(Closure), Array)
#14 C:\Users\ntdst\Projects\Netdust\CMS_03-2015_admin-dev\build\system\vendor\slim\slim\Slim\Slim.php(1357): Slim\Route->dispatch()
#15 C:\Users\ntdst\Projects\Netdust\CMS_03-2015_admin-dev\build\system\vendor\slim\slim\Slim\Middleware\Flash.php(85): Slim\Slim->call()
#16 C:\Users\ntdst\Projects\Netdust\CMS_03-2015_admin-dev\build\system\vendor\slim\slim\Slim\Middleware\MethodOverride.php(92): Slim\Middleware\Flash->call()
#17 C:\Users\ntdst\Projects\Netdust\CMS_03-2015_admin-dev\build\public\plugins\forms\Plugin.php(38): Slim\Middleware\MethodOverride->call()
#18 C:\Users\ntdst\Projects\Netdust\CMS_03-2015_admin-dev\build\public\plugins\analytics\Plugin.php(38): plugins\forms\Plugin->call()
#19 C:\Users\ntdst\Projects\Netdust\CMS_03-2015_admin-dev\build\public\plugins\canonical\Plugin.php(51): plugins\analytics\Plugin->call()
#20 C:\Users\ntdst\Projects\Netdust\CMS_03-2015_admin-dev\build\public\plugins\social\Plugin.php(84): plugins\canonical\Plugin->call()
#21 C:\Users\ntdst\Projects\Netdust\CMS_03-2015_admin-dev\build\public\plugins\picturefill\Plugin.php(37): plugins\social\Plugin->call()
#22 C:\Users\ntdst\Projects\Netdust\CMS_03-2015_admin-dev\build\system\api\Middleware\CsrfGuard.php(58): plugins\picturefill\Plugin->call()
#23 C:\Users\ntdst\Projects\Netdust\CMS_03-2015_admin-dev\build\system\api\Middleware\I18n.php(265): api\Middleware\CsrfGuard->call()
#24 C:\Users\ntdst\Projects\Netdust\CMS_03-2015_admin-dev\build\system\vendor\slim\slim\Slim\Middleware\PrettyExceptions.php(67): api\Middleware\I18n->call()
#25 C:\Users\ntdst\Projects\Netdust\CMS_03-2015_admin-dev\build\system\vendor\slim\slim\Slim\Slim.php(1302): Slim\Middleware\PrettyExceptions->call()
#26 C:\Users\ntdst\Projects\Netdust\CMS_03-2015_admin-dev\build\index.php(24): Slim\Slim->run()
#27 {main}
ERROR - 2015-12-17T14:24:09+01:00 - exception 'Twig_Error_Syntax' with message 'Unexpected "}" in "index.php" at line 29' in C:\Users\ntdst\Projects\Netdust\CMS_03-2015_admin-dev\build\system\vendor\twig\twig\lib\Twig\Lexer.php:259
Stack trace:
#0 C:\Users\ntdst\Projects\Netdust\CMS_03-2015_admin-dev\build\system\vendor\twig\twig\lib\Twig\Lexer.php(216): Twig_Lexer->lexExpression()
#1 C:\Users\ntdst\Projects\Netdust\CMS_03-2015_admin-dev\build\system\vendor\twig\twig\lib\Twig\Lexer.php(115): Twig_Lexer->lexVar()
#2 C:\Users\ntdst\Projects\Netdust\CMS_03-2015_admin-dev\build\system\vendor\twig\twig\lib\Twig\Environment.php(505): Twig_Lexer->tokenize('<!DOCTYPE html>...', 'index.php')
#3 C:\Users\ntdst\Projects\Netdust\CMS_03-2015_admin-dev\build\system\vendor\twig\twig\lib\Twig\Environment.php(595): Twig_Environment->tokenize('<!DOCTYPE html>...', 'index.php')
#4 C:\Users\ntdst\Projects\Netdust\CMS_03-2015_admin-dev\build\system\vendor\twig\twig\lib\Twig\Environment.php(335): Twig_Environment->compileSource('<!DOCTYPE html>...', 'index.php')
#5 C:\Users\ntdst\Projects\Netdust\CMS_03-2015_admin-dev\build\system\vendor\slim\views\Twig.php(87): Twig_Environment->loadTemplate('index.php')
#6 C:\Users\ntdst\Projects\Netdust\CMS_03-2015_admin-dev\build\system\vendor\slim\slim\Slim\View.php(255): Slim\Views\Twig->render('index.php', NULL)
#7 C:\Users\ntdst\Projects\Netdust\CMS_03-2015_admin-dev\build\system\vendor\slim\slim\Slim\View.php(243): Slim\View->fetch('index.php', NULL)
#8 C:\Users\ntdst\Projects\Netdust\CMS_03-2015_admin-dev\build\system\vendor\slim\slim\Slim\Slim.php(757): Slim\View->display('index.php')
#9 C:\Users\ntdst\Projects\Netdust\CMS_03-2015_admin-dev\build\system\api\Routes\Admin.php(112): Slim\Slim->render('index.php', Array)
#10 [internal function]: {closure}()
#11 C:\Users\ntdst\Projects\Netdust\CMS_03-2015_admin-dev\build\system\api\App.php(48): call_user_func_array(Object(Closure), Array)
#12 [internal function]: api\App->api\{closure}()
#13 C:\Users\ntdst\Projects\Netdust\CMS_03-2015_admin-dev\build\system\vendor\slim\slim\Slim\Route.php(468): call_user_func_array(Object(Closure), Array)
#14 C:\Users\ntdst\Projects\Netdust\CMS_03-2015_admin-dev\build\system\vendor\slim\slim\Slim\Slim.php(1357): Slim\Route->dispatch()
#15 C:\Users\ntdst\Projects\Netdust\CMS_03-2015_admin-dev\build\system\vendor\slim\slim\Slim\Middleware\Flash.php(85): Slim\Slim->call()
#16 C:\Users\ntdst\Projects\Netdust\CMS_03-2015_admin-dev\build\system\vendor\slim\slim\Slim\Middleware\MethodOverride.php(92): Slim\Middleware\Flash->call()
#17 C:\Users\ntdst\Projects\Netdust\CMS_03-2015_admin-dev\build\public\plugins\forms\Plugin.php(38): Slim\Middleware\MethodOverride->call()
#18 C:\Users\ntdst\Projects\Netdust\CMS_03-2015_admin-dev\build\public\plugins\analytics\Plugin.php(38): plugins\forms\Plugin->call()
#19 C:\Users\ntdst\Projects\Netdust\CMS_03-2015_admin-dev\build\public\plugins\canonical\Plugin.php(51): plugins\analytics\Plugin->call()
#20 C:\Users\ntdst\Projects\Netdust\CMS_03-2015_admin-dev\build\public\plugins\social\Plugin.php(84): plugins\canonical\Plugin->call()
#21 C:\Users\ntdst\Projects\Netdust\CMS_03-2015_admin-dev\build\public\plugins\picturefill\Plugin.php(37): plugins\social\Plugin->call()
#22 C:\Users\ntdst\Projects\Netdust\CMS_03-2015_admin-dev\build\system\api\Middleware\CsrfGuard.php(58): plugins\picturefill\Plugin->call()
#23 C:\Users\ntdst\Projects\Netdust\CMS_03-2015_admin-dev\build\system\api\Middleware\I18n.php(265): api\Middleware\CsrfGuard->call()
#24 C:\Users\ntdst\Projects\Netdust\CMS_03-2015_admin-dev\build\system\vendor\slim\slim\Slim\Middleware\PrettyExceptions.php(67): api\Middleware\I18n->call()
#25 C:\Users\ntdst\Projects\Netdust\CMS_03-2015_admin-dev\build\system\vendor\slim\slim\Slim\Slim.php(1302): Slim\Middleware\PrettyExceptions->call()
#26 C:\Users\ntdst\Projects\Netdust\CMS_03-2015_admin-dev\build\index.php(24): Slim\Slim->run()
#27 {main}
ERROR - 2015-12-17T20:21:45+01:00 - exception 'Twig_Error_Syntax' with message 'Unexpected "}" in "index.php" at line 29' in C:\Users\ntdst\Projects\Netdust\CMS_03-2015_admin-dev\build\system\vendor\twig\twig\lib\Twig\Lexer.php:259
Stack trace:
#0 C:\Users\ntdst\Projects\Netdust\CMS_03-2015_admin-dev\build\system\vendor\twig\twig\lib\Twig\Lexer.php(216): Twig_Lexer->lexExpression()
#1 C:\Users\ntdst\Projects\Netdust\CMS_03-2015_admin-dev\build\system\vendor\twig\twig\lib\Twig\Lexer.php(115): Twig_Lexer->lexVar()
#2 C:\Users\ntdst\Projects\Netdust\CMS_03-2015_admin-dev\build\system\vendor\twig\twig\lib\Twig\Environment.php(505): Twig_Lexer->tokenize('<!DOCTYPE html>...', 'index.php')
#3 C:\Users\ntdst\Projects\Netdust\CMS_03-2015_admin-dev\build\system\vendor\twig\twig\lib\Twig\Environment.php(595): Twig_Environment->tokenize('<!DOCTYPE html>...', 'index.php')
#4 C:\Users\ntdst\Projects\Netdust\CMS_03-2015_admin-dev\build\system\vendor\twig\twig\lib\Twig\Environment.php(335): Twig_Environment->compileSource('<!DOCTYPE html>...', 'index.php')
#5 C:\Users\ntdst\Projects\Netdust\CMS_03-2015_admin-dev\build\system\vendor\slim\views\Twig.php(87): Twig_Environment->loadTemplate('index.php')
#6 C:\Users\ntdst\Projects\Netdust\CMS_03-2015_admin-dev\build\system\vendor\slim\slim\Slim\View.php(255): Slim\Views\Twig->render('index.php', NULL)
#7 C:\Users\ntdst\Projects\Netdust\CMS_03-2015_admin-dev\build\system\vendor\slim\slim\Slim\View.php(243): Slim\View->fetch('index.php', NULL)
#8 C:\Users\ntdst\Projects\Netdust\CMS_03-2015_admin-dev\build\system\vendor\slim\slim\Slim\Slim.php(757): Slim\View->display('index.php')
#9 C:\Users\ntdst\Projects\Netdust\CMS_03-2015_admin-dev\build\system\api\Routes\Admin.php(112): Slim\Slim->render('index.php', Array)
#10 [internal function]: {closure}(Array)
#11 C:\Users\ntdst\Projects\Netdust\CMS_03-2015_admin-dev\build\system\api\App.php(48): call_user_func_array(Object(Closure), Array)
#12 [internal function]: api\App->api\{closure}(Array)
#13 C:\Users\ntdst\Projects\Netdust\CMS_03-2015_admin-dev\build\system\vendor\slim\slim\Slim\Route.php(468): call_user_func_array(Object(Closure), Array)
#14 C:\Users\ntdst\Projects\Netdust\CMS_03-2015_admin-dev\build\system\vendor\slim\slim\Slim\Slim.php(1357): Slim\Route->dispatch()
#15 C:\Users\ntdst\Projects\Netdust\CMS_03-2015_admin-dev\build\system\vendor\slim\slim\Slim\Middleware\Flash.php(85): Slim\Slim->call()
#16 C:\Users\ntdst\Projects\Netdust\CMS_03-2015_admin-dev\build\system\vendor\slim\slim\Slim\Middleware\MethodOverride.php(92): Slim\Middleware\Flash->call()
#17 C:\Users\ntdst\Projects\Netdust\CMS_03-2015_admin-dev\build\public\plugins\forms\Plugin.php(39): Slim\Middleware\MethodOverride->call()
#18 C:\Users\ntdst\Projects\Netdust\CMS_03-2015_admin-dev\build\public\plugins\analytics\Plugin.php(38): plugins\forms\Plugin->call()
#19 C:\Users\ntdst\Projects\Netdust\CMS_03-2015_admin-dev\build\public\plugins\canonical\Plugin.php(51): plugins\analytics\Plugin->call()
#20 C:\Users\ntdst\Projects\Netdust\CMS_03-2015_admin-dev\build\public\plugins\social\Plugin.php(84): plugins\canonical\Plugin->call()
#21 C:\Users\ntdst\Projects\Netdust\CMS_03-2015_admin-dev\build\public\plugins\picturefill\Plugin.php(37): plugins\social\Plugin->call()
#22 C:\Users\ntdst\Projects\Netdust\CMS_03-2015_admin-dev\build\system\api\Middleware\CsrfGuard.php(58): plugins\picturefill\Plugin->call()
#23 C:\Users\ntdst\Projects\Netdust\CMS_03-2015_admin-dev\build\system\api\Middleware\I18n.php(265): api\Middleware\CsrfGuard->call()
#24 C:\Users\ntdst\Projects\Netdust\CMS_03-2015_admin-dev\build\system\vendor\slim\slim\Slim\Middleware\PrettyExceptions.php(67): api\Middleware\I18n->call()
#25 C:\Users\ntdst\Projects\Netdust\CMS_03-2015_admin-dev\build\system\vendor\slim\slim\Slim\Slim.php(1302): Slim\Middleware\PrettyExceptions->call()
#26 C:\Users\ntdst\Projects\Netdust\CMS_03-2015_admin-dev\build\index.php(24): Slim\Slim->run()
#27 {main}
